The system is: Linux - 4.4.0-174-generic - x86_64
Compiling the C compiler identification source file "CMakeCCompilerId.c" succeeded.
Compiler: /usr/bin/cc 
Build flags: 
Id flags:  

The output was:
0


Compilation of the C compiler identification source "CMakeCCompilerId.c" produced "a.out"

The C compiler identification is GNU, found in "/home/houxb/Temp/glog/cmake-build-debug/CMakeFiles/3.16.4/CompilerIdC/a.out"

Compiling the CXX compiler identification source file "CMakeCXXCompilerId.cpp" succeeded.
Compiler: /usr/bin/c++ 
Build flags: 
Id flags:  

The output was:
0


Compilation of the CXX compiler identification source "CMakeCXXCompilerId.cpp" produced "a.out"

The CXX compiler identification is GNU, found in "/home/houxb/Temp/glog/cmake-build-debug/CMakeFiles/3.16.4/CompilerIdCXX/a.out"

Determining if the C compiler works passed with the following output:
Change Dir: /home/houxb/Temp/glog/cmake-build-debug/CMakeFiles/CMakeTmp

Run Build Command(s):/usr/bin/make cmTC_84ad0/fast && /usr/bin/make -f CMakeFiles/cmTC_84ad0.dir/build.make CMakeFiles/cmTC_84ad0.dir/build
make[1]: Entering directory '/home/houxb/Temp/glog/cmake-build-debug/CMakeFiles/CMakeTmp'
Building C object CMakeFiles/cmTC_84ad0.dir/testCCompiler.c.o
/usr/bin/cc    -o CMakeFiles/cmTC_84ad0.dir/testCCompiler.c.o   -c /home/houxb/Temp/glog/cmake-build-debug/CMakeFiles/CMakeTmp/testCCompiler.c
Linking C executable cmTC_84ad0
/home/houxb/source/Hero_BuiltRobot/builder/cmake-3.16.4-Linux-x86_64/bin/cmake -E cmake_link_script CMakeFiles/cmTC_84ad0.dir/link.txt --verbose=1
/usr/bin/cc      -rdynamic CMakeFiles/cmTC_84ad0.dir/testCCompiler.c.o  -o cmTC_84ad0 
make[1]: Leaving directory '/home/houxb/Temp/glog/cmake-build-debug/CMakeFiles/CMakeTmp'



Detecting C compiler ABI info compiled with the following output:
Change Dir: /home/houxb/Temp/glog/cmake-build-debug/CMakeFiles/CMakeTmp

Run Build Command(s):/usr/bin/make cmTC_1a90c/fast && /usr/bin/make -f CMakeFiles/cmTC_1a90c.dir/build.make CMakeFiles/cmTC_1a90c.dir/build
make[1]: Entering directory '/home/houxb/Temp/glog/cmake-build-debug/CMakeFiles/CMakeTmp'
Building C object CMakeFiles/cmTC_1a90c.dir/CMakeCCompilerABI.c.o
/usr/bin/cc   -v -o CMakeFiles/cmTC_1a90c.dir/CMakeCCompilerABI.c.o   -c /home/houxb/source/Hero_BuiltRobot/builder/cmake-3.16.4-Linux-x86_64/share/cmake-3.16/Modules/CMakeCCompilerABI.c
Using built-in specs.
COLLECT_GCC=/usr/bin/cc
Target: x86_64-linux-gnu
Configured with: ../src/configure -v --with-pkgversion='Ubuntu 5.4.0-6ubuntu1~16.04.12' --with-bugurl=file:///usr/share/doc/gcc-5/README.Bugs --enable-languages=c,ada,c++,java,go,d,fortran,objc,obj-c++ --prefix=/usr --program-suffix=-5 --enable-shared --enable-linker-build-id --libexecdir=/usr/lib --without-included-gettext --enable-threads=posix --libdir=/usr/lib --enable-nls --with-sysroot=/ --enable-clocale=gnu --enable-libstdcxx-debug --enable-libstdcxx-time=yes --with-default-libstdcxx-abi=new --enable-gnu-unique-object --disable-vtable-verify --enable-libmpx --enable-plugin --with-system-zlib --disable-browser-plugin --enable-java-awt=gtk --enable-gtk-cairo --with-java-home=/usr/lib/jvm/java-1.5.0-gcj-5-amd64/jre --enable-java-home --with-jvm-root-dir=/usr/lib/jvm/java-1.5.0-gcj-5-amd64 --with-jvm-jar-dir=/usr/lib/jvm-exports/java-1.5.0-gcj-5-amd64 --with-arch-directory=amd64 --with-ecj-jar=/usr/share/java/eclipse-ecj.jar --enable-objc-gc --enable-multiarch --disable-werror --with-arch-32=i686 --with-abi=m64 --with-multilib-list=m32,m64,mx32 --enable-multilib --with-tune=generic --enable-checking=release --build=x86_64-linux-gnu --host=x86_64-linux-gnu --target=x86_64-linux-gnu
Thread model: posix
gcc version 5.4.0 20160609 (Ubuntu 5.4.0-6ubuntu1~16.04.12) 
COLLECT_GCC_OPTIONS='-v' '-o' 'CMakeFiles/cmTC_1a90c.dir/CMakeCCompilerABI.c.o' '-c' '-mtune=generic' '-march=x86-64'
 /usr/lib/gcc/x86_64-linux-gnu/5/cc1 -quiet -v -imultiarch x86_64-linux-gnu /home/houxb/source/Hero_BuiltRobot/builder/cmake-3.16.4-Linux-x86_64/share/cmake-3.16/Modules/CMakeCCompilerABI.c -quiet -dumpbase CMakeCCompilerABI.c -mtune=generic -march=x86-64 -auxbase-strip CMakeFiles/cmTC_1a90c.dir/CMakeCCompilerABI.c.o -version -fstack-protector-strong -Wformat -Wformat-security -o /tmp/cc8ULOMu.s
GNU C11 (Ubuntu 5.4.0-6ubuntu1~16.04.12) version 5.4.0 20160609 (x86_64-linux-gnu)
	compiled by GNU C version 5.4.0 20160609, GMP version 6.1.0, MPFR version 3.1.4, MPC version 1.0.3
GGC heuristics: --param ggc-min-expand=100 --param ggc-min-heapsize=131072
ignoring nonexistent directory "/usr/local/include/x86_64-linux-gnu"
ignoring nonexistent directory "/usr/lib/gcc/x86_64-linux-gnu/5/../../../../x86_64-linux-gnu/include"
#include "..." search starts here:
#include <...> search starts here:
 /usr/lib/gcc/x86_64-linux-gnu/5/include
 /usr/local/include
 /usr/lib/gcc/x86_64-linux-gnu/5/include-fixed
 /usr/include/x86_64-linux-gnu
 /usr/include
End of search list.
GNU C11 (Ubuntu 5.4.0-6ubuntu1~16.04.12) version 5.4.0 20160609 (x86_64-linux-gnu)
	compiled by GNU C version 5.4.0 20160609, GMP version 6.1.0, MPFR version 3.1.4, MPC version 1.0.3
GGC heuristics: --param ggc-min-expand=100 --param ggc-min-heapsize=131072
Compiler executable checksum: 8087146d2ee737d238113fb57fabb1f2
COLLECT_GCC_OPTIONS='-v' '-o' 'CMakeFiles/cmTC_1a90c.dir/CMakeCCompilerABI.c.o' '-c' '-mtune=generic' '-march=x86-64'
 as -v --64 -o CMakeFiles/cmTC_1a90c.dir/CMakeCCompilerABI.c.o /tmp/cc8ULOMu.s
GNU assembler version 2.26.1 (x86_64-linux-gnu) using BFD version (GNU Binutils for Ubuntu) 2.26.1
COMPILER_PATH=/usr/lib/gcc/x86_64-linux-gnu/5/:/usr/lib/gcc/x86_64-linux-gnu/5/:/usr/lib/gcc/x86_64-linux-gnu/:/usr/lib/gcc/x86_64-linux-gnu/5/:/usr/lib/gcc/x86_64-linux-gnu/
LIBRARY_PATH=/usr/lib/gcc/x86_64-linux-gnu/5/:/usr/lib/gcc/x86_64-linux-gnu/5/../../../x86_64-linux-gnu/:/usr/lib/gcc/x86_64-linux-gnu/5/../../../../lib/:/lib/x86_64-linux-gnu/:/lib/../lib/:/usr/lib/x86_64-linux-gnu/:/usr/lib/../lib/:/usr/lib/gcc/x86_64-linux-gnu/5/../../../:/lib/:/usr/lib/
COLLECT_GCC_OPTIONS='-v' '-o' 'CMakeFiles/cmTC_1a90c.dir/CMakeCCompilerABI.c.o' '-c' '-mtune=generic' '-march=x86-64'
Linking C executable cmTC_1a90c
/home/houxb/source/Hero_BuiltRobot/builder/cmake-3.16.4-Linux-x86_64/bin/cmake -E cmake_link_script CMakeFiles/cmTC_1a90c.dir/link.txt --verbose=1
/usr/bin/cc     -v -rdynamic CMakeFiles/cmTC_1a90c.dir/CMakeCCompilerABI.c.o  -o cmTC_1a90c 
Using built-in specs.
COLLECT_GCC=/usr/bin/cc
COLLECT_LTO_WRAPPER=/usr/lib/gcc/x86_64-linux-gnu/5/lto-wrapper
Target: x86_64-linux-gnu
Configured with: ../src/configure -v --with-pkgversion='Ubuntu 5.4.0-6ubuntu1~16.04.12' --with-bugurl=file:///usr/share/doc/gcc-5/README.Bugs --enable-languages=c,ada,c++,java,go,d,fortran,objc,obj-c++ --prefix=/usr --program-suffix=-5 --enable-shared --enable-linker-build-id --libexecdir=/usr/lib --without-included-gettext --enable-threads=posix --libdir=/usr/lib --enable-nls --with-sysroot=/ --enable-clocale=gnu --enable-libstdcxx-debug --enable-libstdcxx-time=yes --with-default-libstdcxx-abi=new --enable-gnu-unique-object --disable-vtable-verify --enable-libmpx --enable-plugin --with-system-zlib --disable-browser-plugin --enable-java-awt=gtk --enable-gtk-cairo --with-java-home=/usr/lib/jvm/java-1.5.0-gcj-5-amd64/jre --enable-java-home --with-jvm-root-dir=/usr/lib/jvm/java-1.5.0-gcj-5-amd64 --with-jvm-jar-dir=/usr/lib/jvm-exports/java-1.5.0-gcj-5-amd64 --with-arch-directory=amd64 --with-ecj-jar=/usr/share/java/eclipse-ecj.jar --enable-objc-gc --enable-multiarch --disable-werror --with-arch-32=i686 --with-abi=m64 --with-multilib-list=m32,m64,mx32 --enable-multilib --with-tune=generic --enable-checking=release --build=x86_64-linux-gnu --host=x86_64-linux-gnu --target=x86_64-linux-gnu
Thread model: posix
gcc version 5.4.0 20160609 (Ubuntu 5.4.0-6ubuntu1~16.04.12) 
COMPILER_PATH=/usr/lib/gcc/x86_64-linux-gnu/5/:/usr/lib/gcc/x86_64-linux-gnu/5/:/usr/lib/gcc/x86_64-linux-gnu/:/usr/lib/gcc/x86_64-linux-gnu/5/:/usr/lib/gcc/x86_64-linux-gnu/
LIBRARY_PATH=/usr/lib/gcc/x86_64-linux-gnu/5/:/usr/lib/gcc/x86_64-linux-gnu/5/../../../x86_64-linux-gnu/:/usr/lib/gcc/x86_64-linux-gnu/5/../../../../lib/:/lib/x86_64-linux-gnu/:/lib/../lib/:/usr/lib/x86_64-linux-gnu/:/usr/lib/../lib/:/usr/lib/gcc/x86_64-linux-gnu/5/../../../:/lib/:/usr/lib/
COLLECT_GCC_OPTIONS='-v' '-rdynamic' '-o' 'cmTC_1a90c' '-mtune=generic' '-march=x86-64'
 /usr/lib/gcc/x86_64-linux-gnu/5/collect2 -plugin /usr/lib/gcc/x86_64-linux-gnu/5/liblto_plugin.so -plugin-opt=/usr/lib/gcc/x86_64-linux-gnu/5/lto-wrapper -plugin-opt=-fresolution=/tmp/cci6GvuC.res -plugin-opt=-pass-through=-lgcc -plugin-opt=-pass-through=-lgcc_s -plugin-opt=-pass-through=-lc -plugin-opt=-pass-through=-lgcc -plugin-opt=-pass-through=-lgcc_s --sysroot=/ --build-id --eh-frame-hdr -m elf_x86_64 --hash-style=gnu --as-needed -export-dynamic -dynamic-linker /lib64/ld-linux-x86-64.so.2 -z relro -o cmTC_1a90c /usr/lib/gcc/x86_64-linux-gnu/5/../../../x86_64-linux-gnu/crt1.o /usr/lib/gcc/x86_64-linux-gnu/5/../../../x86_64-linux-gnu/crti.o /usr/lib/gcc/x86_64-linux-gnu/5/crtbegin.o -L/usr/lib/gcc/x86_64-linux-gnu/5 -L/usr/lib/gcc/x86_64-linux-gnu/5/../../../x86_64-linux-gnu -L/usr/lib/gcc/x86_64-linux-gnu/5/../../../../lib -L/lib/x86_64-linux-gnu -L/lib/../lib -L/usr/lib/x86_64-linux-gnu -L/usr/lib/../lib -L/usr/lib/gcc/x86_64-linux-gnu/5/../../.. CMakeFiles/cmTC_1a90c.dir/CMakeCCompilerABI.c.o -lgcc --as-needed -lgcc_s --no-as-needed -lc -lgcc --as-needed -lgcc_s --no-as-needed /usr/lib/gcc/x86_64-linux-gnu/5/crtend.o /usr/lib/gcc/x86_64-linux-gnu/5/../../../x86_64-linux-gnu/crtn.o
make[1]: Leaving directory '/home/houxb/Temp/glog/cmake-build-debug/CMakeFiles/CMakeTmp'



Parsed C implicit include dir info from above output: rv=done
  found start of include info
  found start of implicit include info
    add: [/usr/lib/gcc/x86_64-linux-gnu/5/include]
    add: [/usr/local/include]
    add: [/usr/lib/gcc/x86_64-linux-gnu/5/include-fixed]
    add: [/usr/include/x86_64-linux-gnu]
    add: [/usr/include]
  end of search list found
  collapse include dir [/usr/lib/gcc/x86_64-linux-gnu/5/include] ==> [/usr/lib/gcc/x86_64-linux-gnu/5/include]
  collapse include dir [/usr/local/include] ==> [/usr/local/include]
  collapse include dir [/usr/lib/gcc/x86_64-linux-gnu/5/include-fixed] ==> [/usr/lib/gcc/x86_64-linux-gnu/5/include-fixed]
  collapse include dir [/usr/include/x86_64-linux-gnu] ==> [/usr/include/x86_64-linux-gnu]
  collapse include dir [/usr/include] ==> [/usr/include]
  implicit include dirs: [/usr/lib/gcc/x86_64-linux-gnu/5/include;/usr/local/include;/usr/lib/gcc/x86_64-linux-gnu/5/include-fixed;/usr/include/x86_64-linux-gnu;/usr/include]


Parsed C implicit link information from above output:
  link line regex: [^( *|.*[/\])(ld|CMAKE_LINK_STARTFILE-NOTFOUND|([^/\]+-)?ld|collect2)[^/\]*( |$)]
  ignore line: [Change Dir: /home/houxb/Temp/glog/cmake-build-debug/CMakeFiles/CMakeTmp]
  ignore line: []
  ignore line: [Run Build Command(s):/usr/bin/make cmTC_1a90c/fast && /usr/bin/make -f CMakeFiles/cmTC_1a90c.dir/build.make CMakeFiles/cmTC_1a90c.dir/build]
  ignore line: [make[1]: Entering directory '/home/houxb/Temp/glog/cmake-build-debug/CMakeFiles/CMakeTmp']
  ignore line: [Building C object CMakeFiles/cmTC_1a90c.dir/CMakeCCompilerABI.c.o]
  ignore line: [/usr/bin/cc   -v -o CMakeFiles/cmTC_1a90c.dir/CMakeCCompilerABI.c.o   -c /home/houxb/source/Hero_BuiltRobot/builder/cmake-3.16.4-Linux-x86_64/share/cmake-3.16/Modules/CMakeCCompilerABI.c]
  ignore line: [Using built-in specs.]
  ignore line: [COLLECT_GCC=/usr/bin/cc]
  ignore line: [Target: x86_64-linux-gnu]
  ignore line: [Configured with: ../src/configure -v --with-pkgversion='Ubuntu 5.4.0-6ubuntu1~16.04.12' --with-bugurl=file:///usr/share/doc/gcc-5/README.Bugs --enable-languages=c ada c++ java go d fortran objc obj-c++ --prefix=/usr --program-suffix=-5 --enable-shared --enable-linker-build-id --libexecdir=/usr/lib --without-included-gettext --enable-threads=posix --libdir=/usr/lib --enable-nls --with-sysroot=/ --enable-clocale=gnu --enable-libstdcxx-debug --enable-libstdcxx-time=yes --with-default-libstdcxx-abi=new --enable-gnu-unique-object --disable-vtable-verify --enable-libmpx --enable-plugin --with-system-zlib --disable-browser-plugin --enable-java-awt=gtk --enable-gtk-cairo --with-java-home=/usr/lib/jvm/java-1.5.0-gcj-5-amd64/jre --enable-java-home --with-jvm-root-dir=/usr/lib/jvm/java-1.5.0-gcj-5-amd64 --with-jvm-jar-dir=/usr/lib/jvm-exports/java-1.5.0-gcj-5-amd64 --with-arch-directory=amd64 --with-ecj-jar=/usr/share/java/eclipse-ecj.jar --enable-objc-gc --enable-multiarch --disable-werror --with-arch-32=i686 --with-abi=m64 --with-multilib-list=m32 m64 mx32 --enable-multilib --with-tune=generic --enable-checking=release --build=x86_64-linux-gnu --host=x86_64-linux-gnu --target=x86_64-linux-gnu]
  ignore line: [Thread model: posix]
  ignore line: [gcc version 5.4.0 20160609 (Ubuntu 5.4.0-6ubuntu1~16.04.12) ]
  ignore line: [COLLECT_GCC_OPTIONS='-v' '-o' 'CMakeFiles/cmTC_1a90c.dir/CMakeCCompilerABI.c.o' '-c' '-mtune=generic' '-march=x86-64']
  ignore line: [ /usr/lib/gcc/x86_64-linux-gnu/5/cc1 -quiet -v -imultiarch x86_64-linux-gnu /home/houxb/source/Hero_BuiltRobot/builder/cmake-3.16.4-Linux-x86_64/share/cmake-3.16/Modules/CMakeCCompilerABI.c -quiet -dumpbase CMakeCCompilerABI.c -mtune=generic -march=x86-64 -auxbase-strip CMakeFiles/cmTC_1a90c.dir/CMakeCCompilerABI.c.o -version -fstack-protector-strong -Wformat -Wformat-security -o /tmp/cc8ULOMu.s]
  ignore line: [GNU C11 (Ubuntu 5.4.0-6ubuntu1~16.04.12) version 5.4.0 20160609 (x86_64-linux-gnu)]
  ignore line: [	compiled by GNU C version 5.4.0 20160609  GMP version 6.1.0  MPFR version 3.1.4  MPC version 1.0.3]
  ignore line: [GGC heuristics: --param ggc-min-expand=100 --param ggc-min-heapsize=131072]
  ignore line: [ignoring nonexistent directory "/usr/local/include/x86_64-linux-gnu"]
  ignore line: [ignoring nonexistent directory "/usr/lib/gcc/x86_64-linux-gnu/5/../../../../x86_64-linux-gnu/include"]
  ignore line: [#include "..." search starts here:]
  ignore line: [#include <...> search starts here:]
  ignore line: [ /usr/lib/gcc/x86_64-linux-gnu/5/include]
  ignore line: [ /usr/local/include]
  ignore line: [ /usr/lib/gcc/x86_64-linux-gnu/5/include-fixed]
  ignore line: [ /usr/include/x86_64-linux-gnu]
  ignore line: [ /usr/include]
  ignore line: [End of search list.]
  ignore line: [GNU C11 (Ubuntu 5.4.0-6ubuntu1~16.04.12) version 5.4.0 20160609 (x86_64-linux-gnu)]
  ignore line: [	compiled by GNU C version 5.4.0 20160609  GMP version 6.1.0  MPFR version 3.1.4  MPC version 1.0.3]
  ignore line: [GGC heuristics: --param ggc-min-expand=100 --param ggc-min-heapsize=131072]
  ignore line: [Compiler executable checksum: 8087146d2ee737d238113fb57fabb1f2]
  ignore line: [COLLECT_GCC_OPTIONS='-v' '-o' 'CMakeFiles/cmTC_1a90c.dir/CMakeCCompilerABI.c.o' '-c' '-mtune=generic' '-march=x86-64']
  ignore line: [ as -v --64 -o CMakeFiles/cmTC_1a90c.dir/CMakeCCompilerABI.c.o /tmp/cc8ULOMu.s]
  ignore line: [GNU assembler version 2.26.1 (x86_64-linux-gnu) using BFD version (GNU Binutils for Ubuntu) 2.26.1]
  ignore line: [COMPILER_PATH=/usr/lib/gcc/x86_64-linux-gnu/5/:/usr/lib/gcc/x86_64-linux-gnu/5/:/usr/lib/gcc/x86_64-linux-gnu/:/usr/lib/gcc/x86_64-linux-gnu/5/:/usr/lib/gcc/x86_64-linux-gnu/]
  ignore line: [LIBRARY_PATH=/usr/lib/gcc/x86_64-linux-gnu/5/:/usr/lib/gcc/x86_64-linux-gnu/5/../../../x86_64-linux-gnu/:/usr/lib/gcc/x86_64-linux-gnu/5/../../../../lib/:/lib/x86_64-linux-gnu/:/lib/../lib/:/usr/lib/x86_64-linux-gnu/:/usr/lib/../lib/:/usr/lib/gcc/x86_64-linux-gnu/5/../../../:/lib/:/usr/lib/]
  ignore line: [COLLECT_GCC_OPTIONS='-v' '-o' 'CMakeFiles/cmTC_1a90c.dir/CMakeCCompilerABI.c.o' '-c' '-mtune=generic' '-march=x86-64']
  ignore line: [Linking C executable cmTC_1a90c]
  ignore line: [/home/houxb/source/Hero_BuiltRobot/builder/cmake-3.16.4-Linux-x86_64/bin/cmake -E cmake_link_script CMakeFiles/cmTC_1a90c.dir/link.txt --verbose=1]
  ignore line: [/usr/bin/cc     -v -rdynamic CMakeFiles/cmTC_1a90c.dir/CMakeCCompilerABI.c.o  -o cmTC_1a90c ]
  ignore line: [Using built-in specs.]
  ignore line: [COLLECT_GCC=/usr/bin/cc]
  ignore line: [COLLECT_LTO_WRAPPER=/usr/lib/gcc/x86_64-linux-gnu/5/lto-wrapper]
  ignore line: [Target: x86_64-linux-gnu]
  ignore line: [Configured with: ../src/configure -v --with-pkgversion='Ubuntu 5.4.0-6ubuntu1~16.04.12' --with-bugurl=file:///usr/share/doc/gcc-5/README.Bugs --enable-languages=c ada c++ java go d fortran objc obj-c++ --prefix=/usr --program-suffix=-5 --enable-shared --enable-linker-build-id --libexecdir=/usr/lib --without-included-gettext --enable-threads=posix --libdir=/usr/lib --enable-nls --with-sysroot=/ --enable-clocale=gnu --enable-libstdcxx-debug --enable-libstdcxx-time=yes --with-default-libstdcxx-abi=new --enable-gnu-unique-object --disable-vtable-verify --enable-libmpx --enable-plugin --with-system-zlib --disable-browser-plugin --enable-java-awt=gtk --enable-gtk-cairo --with-java-home=/usr/lib/jvm/java-1.5.0-gcj-5-amd64/jre --enable-java-home --with-jvm-root-dir=/usr/lib/jvm/java-1.5.0-gcj-5-amd64 --with-jvm-jar-dir=/usr/lib/jvm-exports/java-1.5.0-gcj-5-amd64 --with-arch-directory=amd64 --with-ecj-jar=/usr/share/java/eclipse-ecj.jar --enable-objc-gc --enable-multiarch --disable-werror --with-arch-32=i686 --with-abi=m64 --with-multilib-list=m32 m64 mx32 --enable-multilib --with-tune=generic --enable-checking=release --build=x86_64-linux-gnu --host=x86_64-linux-gnu --target=x86_64-linux-gnu]
  ignore line: [Thread model: posix]
  ignore line: [gcc version 5.4.0 20160609 (Ubuntu 5.4.0-6ubuntu1~16.04.12) ]
  ignore line: [COMPILER_PATH=/usr/lib/gcc/x86_64-linux-gnu/5/:/usr/lib/gcc/x86_64-linux-gnu/5/:/usr/lib/gcc/x86_64-linux-gnu/:/usr/lib/gcc/x86_64-linux-gnu/5/:/usr/lib/gcc/x86_64-linux-gnu/]
  ignore line: [LIBRARY_PATH=/usr/lib/gcc/x86_64-linux-gnu/5/:/usr/lib/gcc/x86_64-linux-gnu/5/../../../x86_64-linux-gnu/:/usr/lib/gcc/x86_64-linux-gnu/5/../../../../lib/:/lib/x86_64-linux-gnu/:/lib/../lib/:/usr/lib/x86_64-linux-gnu/:/usr/lib/../lib/:/usr/lib/gcc/x86_64-linux-gnu/5/../../../:/lib/:/usr/lib/]
  ignore line: [COLLECT_GCC_OPTIONS='-v' '-rdynamic' '-o' 'cmTC_1a90c' '-mtune=generic' '-march=x86-64']
  link line: [ /usr/lib/gcc/x86_64-linux-gnu/5/collect2 -plugin /usr/lib/gcc/x86_64-linux-gnu/5/liblto_plugin.so -plugin-opt=/usr/lib/gcc/x86_64-linux-gnu/5/lto-wrapper -plugin-opt=-fresolution=/tmp/cci6GvuC.res -plugin-opt=-pass-through=-lgcc -plugin-opt=-pass-through=-lgcc_s -plugin-opt=-pass-through=-lc -plugin-opt=-pass-through=-lgcc -plugin-opt=-pass-through=-lgcc_s --sysroot=/ --build-id --eh-frame-hdr -m elf_x86_64 --hash-style=gnu --as-needed -export-dynamic -dynamic-linker /lib64/ld-linux-x86-64.so.2 -z relro -o cmTC_1a90c /usr/lib/gcc/x86_64-linux-gnu/5/../../../x86_64-linux-gnu/crt1.o /usr/lib/gcc/x86_64-linux-gnu/5/../../../x86_64-linux-gnu/crti.o /usr/lib/gcc/x86_64-linux-gnu/5/crtbegin.o -L/usr/lib/gcc/x86_64-linux-gnu/5 -L/usr/lib/gcc/x86_64-linux-gnu/5/../../../x86_64-linux-gnu -L/usr/lib/gcc/x86_64-linux-gnu/5/../../../../lib -L/lib/x86_64-linux-gnu -L/lib/../lib -L/usr/lib/x86_64-linux-gnu -L/usr/lib/../lib -L/usr/lib/gcc/x86_64-linux-gnu/5/../../.. CMakeFiles/cmTC_1a90c.dir/CMakeCCompilerABI.c.o -lgcc --as-needed -lgcc_s --no-as-needed -lc -lgcc --as-needed -lgcc_s --no-as-needed /usr/lib/gcc/x86_64-linux-gnu/5/crtend.o /usr/lib/gcc/x86_64-linux-gnu/5/../../../x86_64-linux-gnu/crtn.o]
    arg [/usr/lib/gcc/x86_64-linux-gnu/5/collect2] ==> ignore
    arg [-plugin] ==> ignore
    arg [/usr/lib/gcc/x86_64-linux-gnu/5/liblto_plugin.so] ==> ignore
    arg [-plugin-opt=/usr/lib/gcc/x86_64-linux-gnu/5/lto-wrapper] ==> ignore
    arg [-plugin-opt=-fresolution=/tmp/cci6GvuC.res] ==> ignore
    arg [-plugin-opt=-pass-through=-lgcc] ==> ignore
    arg [-plugin-opt=-pass-through=-lgcc_s] ==> ignore
    arg [-plugin-opt=-pass-through=-lc] ==> ignore
    arg [-plugin-opt=-pass-through=-lgcc] ==> ignore
    arg [-plugin-opt=-pass-through=-lgcc_s] ==> ignore
    arg [--sysroot=/] ==> ignore
    arg [--build-id] ==> ignore
    arg [--eh-frame-hdr] ==> ignore
    arg [-m] ==> ignore
    arg [elf_x86_64] ==> ignore
    arg [--hash-style=gnu] ==> ignore
    arg [--as-needed] ==> ignore
    arg [-export-dynamic] ==> ignore
    arg [-dynamic-linker] ==> ignore
    arg [/lib64/ld-linux-x86-64.so.2] ==> ignore
    arg [-zrelro] ==> ignore
    arg [-o] ==> ignore
    arg [cmTC_1a90c] ==> ignore
    arg [/usr/lib/gcc/x86_64-linux-gnu/5/../../../x86_64-linux-gnu/crt1.o] ==> ignore
    arg [/usr/lib/gcc/x86_64-linux-gnu/5/../../../x86_64-linux-gnu/crti.o] ==> ignore
    arg [/usr/lib/gcc/x86_64-linux-gnu/5/crtbegin.o] ==> ignore
    arg [-L/usr/lib/gcc/x86_64-linux-gnu/5] ==> dir [/usr/lib/gcc/x86_64-linux-gnu/5]
    arg [-L/usr/lib/gcc/x86_64-linux-gnu/5/../../../x86_64-linux-gnu] ==> dir [/usr/lib/gcc/x86_64-linux-gnu/5/../../../x86_64-linux-gnu]
    arg [-L/usr/lib/gcc/x86_64-linux-gnu/5/../../../../lib] ==> dir [/usr/lib/gcc/x86_64-linux-gnu/5/../../../../lib]
    arg [-L/lib/x86_64-linux-gnu] ==> dir [/lib/x86_64-linux-gnu]
    arg [-L/lib/../lib] ==> dir [/lib/../lib]
    arg [-L/usr/lib/x86_64-linux-gnu] ==> dir [/usr/lib/x86_64-linux-gnu]
    arg [-L/usr/lib/../lib] ==> dir [/usr/lib/../lib]
    arg [-L/usr/lib/gcc/x86_64-linux-gnu/5/../../..] ==> dir [/usr/lib/gcc/x86_64-linux-gnu/5/../../..]
    arg [CMakeFiles/cmTC_1a90c.dir/CMakeCCompilerABI.c.o] ==> ignore
    arg [-lgcc] ==> lib [gcc]
    arg [--as-needed] ==> ignore
    arg [-lgcc_s] ==> lib [gcc_s]
    arg [--no-as-needed] ==> ignore
    arg [-lc] ==> lib [c]
    arg [-lgcc] ==> lib [gcc]
    arg [--as-needed] ==> ignore
    arg [-lgcc_s] ==> lib [gcc_s]
    arg [--no-as-needed] ==> ignore
    arg [/usr/lib/gcc/x86_64-linux-gnu/5/crtend.o] ==> ignore
    arg [/usr/lib/gcc/x86_64-linux-gnu/5/../../../x86_64-linux-gnu/crtn.o] ==> ignore
  collapse library dir [/usr/lib/gcc/x86_64-linux-gnu/5] ==> [/usr/lib/gcc/x86_64-linux-gnu/5]
  collapse library dir [/usr/lib/gcc/x86_64-linux-gnu/5/../../../x86_64-linux-gnu] ==> [/usr/lib/x86_64-linux-gnu]
  collapse library dir [/usr/lib/gcc/x86_64-linux-gnu/5/../../../../lib] ==> [/usr/lib]
  collapse library dir [/lib/x86_64-linux-gnu] ==> [/lib/x86_64-linux-gnu]
  collapse library dir [/lib/../lib] ==> [/lib]
  collapse library dir [/usr/lib/x86_64-linux-gnu] ==> [/usr/lib/x86_64-linux-gnu]
  collapse library dir [/usr/lib/../lib] ==> [/usr/lib]
  collapse library dir [/usr/lib/gcc/x86_64-linux-gnu/5/../../..] ==> [/usr/lib]
  implicit libs: [gcc;gcc_s;c;gcc;gcc_s]
  implicit dirs: [/usr/lib/gcc/x86_64-linux-gnu/5;/usr/lib/x86_64-linux-gnu;/usr/lib;/lib/x86_64-linux-gnu;/lib]
  implicit fwks: []


Determining if the CXX compiler works passed with the following output:
Change Dir: /home/houxb/Temp/glog/cmake-build-debug/CMakeFiles/CMakeTmp

Run Build Command(s):/usr/bin/make cmTC_02407/fast && /usr/bin/make -f CMakeFiles/cmTC_02407.dir/build.make CMakeFiles/cmTC_02407.dir/build
make[1]: Entering directory '/home/houxb/Temp/glog/cmake-build-debug/CMakeFiles/CMakeTmp'
Building CXX object CMakeFiles/cmTC_02407.dir/testCXXCompiler.cxx.o
/usr/bin/c++     -o CMakeFiles/cmTC_02407.dir/testCXXCompiler.cxx.o -c /home/houxb/Temp/glog/cmake-build-debug/CMakeFiles/CMakeTmp/testCXXCompiler.cxx
Linking CXX executable cmTC_02407
/home/houxb/source/Hero_BuiltRobot/builder/cmake-3.16.4-Linux-x86_64/bin/cmake -E cmake_link_script CMakeFiles/cmTC_02407.dir/link.txt --verbose=1
/usr/bin/c++       -rdynamic CMakeFiles/cmTC_02407.dir/testCXXCompiler.cxx.o  -o cmTC_02407 
make[1]: Leaving directory '/home/houxb/Temp/glog/cmake-build-debug/CMakeFiles/CMakeTmp'



Detecting CXX compiler ABI info compiled with the following output:
Change Dir: /home/houxb/Temp/glog/cmake-build-debug/CMakeFiles/CMakeTmp

Run Build Command(s):/usr/bin/make cmTC_0b10d/fast && /usr/bin/make -f CMakeFiles/cmTC_0b10d.dir/build.make CMakeFiles/cmTC_0b10d.dir/build
make[1]: Entering directory '/home/houxb/Temp/glog/cmake-build-debug/CMakeFiles/CMakeTmp'
Building CXX object CMakeFiles/cmTC_0b10d.dir/CMakeCXXCompilerABI.cpp.o
/usr/bin/c++    -v -o CMakeFiles/cmTC_0b10d.dir/CMakeCXXCompilerABI.cpp.o -c /home/houxb/source/Hero_BuiltRobot/builder/cmake-3.16.4-Linux-x86_64/share/cmake-3.16/Modules/CMakeCXXCompilerABI.cpp
Using built-in specs.
COLLECT_GCC=/usr/bin/c++
Target: x86_64-linux-gnu
Configured with: ../src/configure -v --with-pkgversion='Ubuntu 5.4.0-6ubuntu1~16.04.12' --with-bugurl=file:///usr/share/doc/gcc-5/README.Bugs --enable-languages=c,ada,c++,java,go,d,fortran,objc,obj-c++ --prefix=/usr --program-suffix=-5 --enable-shared --enable-linker-build-id --libexecdir=/usr/lib --without-included-gettext --enable-threads=posix --libdir=/usr/lib --enable-nls --with-sysroot=/ --enable-clocale=gnu --enable-libstdcxx-debug --enable-libstdcxx-time=yes --with-default-libstdcxx-abi=new --enable-gnu-unique-object --disable-vtable-verify --enable-libmpx --enable-plugin --with-system-zlib --disable-browser-plugin --enable-java-awt=gtk --enable-gtk-cairo --with-java-home=/usr/lib/jvm/java-1.5.0-gcj-5-amd64/jre --enable-java-home --with-jvm-root-dir=/usr/lib/jvm/java-1.5.0-gcj-5-amd64 --with-jvm-jar-dir=/usr/lib/jvm-exports/java-1.5.0-gcj-5-amd64 --with-arch-directory=amd64 --with-ecj-jar=/usr/share/java/eclipse-ecj.jar --enable-objc-gc --enable-multiarch --disable-werror --with-arch-32=i686 --with-abi=m64 --with-multilib-list=m32,m64,mx32 --enable-multilib --with-tune=generic --enable-checking=release --build=x86_64-linux-gnu --host=x86_64-linux-gnu --target=x86_64-linux-gnu
Thread model: posix
gcc version 5.4.0 20160609 (Ubuntu 5.4.0-6ubuntu1~16.04.12) 
COLLECT_GCC_OPTIONS='-v' '-o' 'CMakeFiles/cmTC_0b10d.dir/CMakeCXXCompilerABI.cpp.o' '-c' '-shared-libgcc' '-mtune=generic' '-march=x86-64'
 /usr/lib/gcc/x86_64-linux-gnu/5/cc1plus -quiet -v -imultiarch x86_64-linux-gnu -D_GNU_SOURCE /home/houxb/source/Hero_BuiltRobot/builder/cmake-3.16.4-Linux-x86_64/share/cmake-3.16/Modules/CMakeCXXCompilerABI.cpp -quiet -dumpbase CMakeCXXCompilerABI.cpp -mtune=generic -march=x86-64 -auxbase-strip CMakeFiles/cmTC_0b10d.dir/CMakeCXXCompilerABI.cpp.o -version -fstack-protector-strong -Wformat -Wformat-security -o /tmp/ccLmM038.s
GNU C++ (Ubuntu 5.4.0-6ubuntu1~16.04.12) version 5.4.0 20160609 (x86_64-linux-gnu)
	compiled by GNU C version 5.4.0 20160609, GMP version 6.1.0, MPFR version 3.1.4, MPC version 1.0.3
GGC heuristics: --param ggc-min-expand=100 --param ggc-min-heapsize=131072
ignoring duplicate directory "/usr/include/x86_64-linux-gnu/c++/5"
ignoring nonexistent directory "/usr/local/include/x86_64-linux-gnu"
ignoring nonexistent directory "/usr/lib/gcc/x86_64-linux-gnu/5/../../../../x86_64-linux-gnu/include"
#include "..." search starts here:
#include <...> search starts here:
 /usr/include/c++/5
 /usr/include/x86_64-linux-gnu/c++/5
 /usr/include/c++/5/backward
 /usr/lib/gcc/x86_64-linux-gnu/5/include
 /usr/local/include
 /usr/lib/gcc/x86_64-linux-gnu/5/include-fixed
 /usr/include/x86_64-linux-gnu
 /usr/include
End of search list.
GNU C++ (Ubuntu 5.4.0-6ubuntu1~16.04.12) version 5.4.0 20160609 (x86_64-linux-gnu)
	compiled by GNU C version 5.4.0 20160609, GMP version 6.1.0, MPFR version 3.1.4, MPC version 1.0.3
GGC heuristics: --param ggc-min-expand=100 --param ggc-min-heapsize=131072
Compiler executable checksum: 85af4995304287cdd19cfa43cf5d6cf1
COLLECT_GCC_OPTIONS='-v' '-o' 'CMakeFiles/cmTC_0b10d.dir/CMakeCXXCompilerABI.cpp.o' '-c' '-shared-libgcc' '-mtune=generic' '-march=x86-64'
 as -v --64 -o CMakeFiles/cmTC_0b10d.dir/CMakeCXXCompilerABI.cpp.o /tmp/ccLmM038.s
GNU assembler version 2.26.1 (x86_64-linux-gnu) using BFD version (GNU Binutils for Ubuntu) 2.26.1
COMPILER_PATH=/usr/lib/gcc/x86_64-linux-gnu/5/:/usr/lib/gcc/x86_64-linux-gnu/5/:/usr/lib/gcc/x86_64-linux-gnu/:/usr/lib/gcc/x86_64-linux-gnu/5/:/usr/lib/gcc/x86_64-linux-gnu/
LIBRARY_PATH=/usr/lib/gcc/x86_64-linux-gnu/5/:/usr/lib/gcc/x86_64-linux-gnu/5/../../../x86_64-linux-gnu/:/usr/lib/gcc/x86_64-linux-gnu/5/../../../../lib/:/lib/x86_64-linux-gnu/:/lib/../lib/:/usr/lib/x86_64-linux-gnu/:/usr/lib/../lib/:/usr/lib/gcc/x86_64-linux-gnu/5/../../../:/lib/:/usr/lib/
COLLECT_GCC_OPTIONS='-v' '-o' 'CMakeFiles/cmTC_0b10d.dir/CMakeCXXCompilerABI.cpp.o' '-c' '-shared-libgcc' '-mtune=generic' '-march=x86-64'
Linking CXX executable cmTC_0b10d
/home/houxb/source/Hero_BuiltRobot/builder/cmake-3.16.4-Linux-x86_64/bin/cmake -E cmake_link_script CMakeFiles/cmTC_0b10d.dir/link.txt --verbose=1
/usr/bin/c++      -v -rdynamic CMakeFiles/cmTC_0b10d.dir/CMakeCXXCompilerABI.cpp.o  -o cmTC_0b10d 
Using built-in specs.
COLLECT_GCC=/usr/bin/c++
COLLECT_LTO_WRAPPER=/usr/lib/gcc/x86_64-linux-gnu/5/lto-wrapper
Target: x86_64-linux-gnu
Configured with: ../src/configure -v --with-pkgversion='Ubuntu 5.4.0-6ubuntu1~16.04.12' --with-bugurl=file:///usr/share/doc/gcc-5/README.Bugs --enable-languages=c,ada,c++,java,go,d,fortran,objc,obj-c++ --prefix=/usr --program-suffix=-5 --enable-shared --enable-linker-build-id --libexecdir=/usr/lib --without-included-gettext --enable-threads=posix --libdir=/usr/lib --enable-nls --with-sysroot=/ --enable-clocale=gnu --enable-libstdcxx-debug --enable-libstdcxx-time=yes --with-default-libstdcxx-abi=new --enable-gnu-unique-object --disable-vtable-verify --enable-libmpx --enable-plugin --with-system-zlib --disable-browser-plugin --enable-java-awt=gtk --enable-gtk-cairo --with-java-home=/usr/lib/jvm/java-1.5.0-gcj-5-amd64/jre --enable-java-home --with-jvm-root-dir=/usr/lib/jvm/java-1.5.0-gcj-5-amd64 --with-jvm-jar-dir=/usr/lib/jvm-exports/java-1.5.0-gcj-5-amd64 --with-arch-directory=amd64 --with-ecj-jar=/usr/share/java/eclipse-ecj.jar --enable-objc-gc --enable-multiarch --disable-werror --with-arch-32=i686 --with-abi=m64 --with-multilib-list=m32,m64,mx32 --enable-multilib --with-tune=generic --enable-checking=release --build=x86_64-linux-gnu --host=x86_64-linux-gnu --target=x86_64-linux-gnu
Thread model: posix
gcc version 5.4.0 20160609 (Ubuntu 5.4.0-6ubuntu1~16.04.12) 
COMPILER_PATH=/usr/lib/gcc/x86_64-linux-gnu/5/:/usr/lib/gcc/x86_64-linux-gnu/5/:/usr/lib/gcc/x86_64-linux-gnu/:/usr/lib/gcc/x86_64-linux-gnu/5/:/usr/lib/gcc/x86_64-linux-gnu/
LIBRARY_PATH=/usr/lib/gcc/x86_64-linux-gnu/5/:/usr/lib/gcc/x86_64-linux-gnu/5/../../../x86_64-linux-gnu/:/usr/lib/gcc/x86_64-linux-gnu/5/../../../../lib/:/lib/x86_64-linux-gnu/:/lib/../lib/:/usr/lib/x86_64-linux-gnu/:/usr/lib/../lib/:/usr/lib/gcc/x86_64-linux-gnu/5/../../../:/lib/:/usr/lib/
COLLECT_GCC_OPTIONS='-v' '-rdynamic' '-o' 'cmTC_0b10d' '-shared-libgcc' '-mtune=generic' '-march=x86-64'
 /usr/lib/gcc/x86_64-linux-gnu/5/collect2 -plugin /usr/lib/gcc/x86_64-linux-gnu/5/liblto_plugin.so -plugin-opt=/usr/lib/gcc/x86_64-linux-gnu/5/lto-wrapper -plugin-opt=-fresolution=/tmp/ccXdgTAg.res -plugin-opt=-pass-through=-lgcc_s -plugin-opt=-pass-through=-lgcc -plugin-opt=-pass-through=-lc -plugin-opt=-pass-through=-lgcc_s -plugin-opt=-pass-through=-lgcc --sysroot=/ --build-id --eh-frame-hdr -m elf_x86_64 --hash-style=gnu --as-needed -export-dynamic -dynamic-linker /lib64/ld-linux-x86-64.so.2 -z relro -o cmTC_0b10d /usr/lib/gcc/x86_64-linux-gnu/5/../../../x86_64-linux-gnu/crt1.o /usr/lib/gcc/x86_64-linux-gnu/5/../../../x86_64-linux-gnu/crti.o /usr/lib/gcc/x86_64-linux-gnu/5/crtbegin.o -L/usr/lib/gcc/x86_64-linux-gnu/5 -L/usr/lib/gcc/x86_64-linux-gnu/5/../../../x86_64-linux-gnu -L/usr/lib/gcc/x86_64-linux-gnu/5/../../../../lib -L/lib/x86_64-linux-gnu -L/lib/../lib -L/usr/lib/x86_64-linux-gnu -L/usr/lib/../lib -L/usr/lib/gcc/x86_64-linux-gnu/5/../../.. CMakeFiles/cmTC_0b10d.dir/CMakeCXXCompilerABI.cpp.o -lstdc++ -lm -lgcc_s -lgcc -lc -lgcc_s -lgcc /usr/lib/gcc/x86_64-linux-gnu/5/crtend.o /usr/lib/gcc/x86_64-linux-gnu/5/../../../x86_64-linux-gnu/crtn.o
make[1]: Leaving directory '/home/houxb/Temp/glog/cmake-build-debug/CMakeFiles/CMakeTmp'



Parsed CXX implicit include dir info from above output: rv=done
  found start of include info
  found start of implicit include info
    add: [/usr/include/c++/5]
    add: [/usr/include/x86_64-linux-gnu/c++/5]
    add: [/usr/include/c++/5/backward]
    add: [/usr/lib/gcc/x86_64-linux-gnu/5/include]
    add: [/usr/local/include]
    add: [/usr/lib/gcc/x86_64-linux-gnu/5/include-fixed]
    add: [/usr/include/x86_64-linux-gnu]
    add: [/usr/include]
  end of search list found
  collapse include dir [/usr/include/c++/5] ==> [/usr/include/c++/5]
  collapse include dir [/usr/include/x86_64-linux-gnu/c++/5] ==> [/usr/include/x86_64-linux-gnu/c++/5]
  collapse include dir [/usr/include/c++/5/backward] ==> [/usr/include/c++/5/backward]
  collapse include dir [/usr/lib/gcc/x86_64-linux-gnu/5/include] ==> [/usr/lib/gcc/x86_64-linux-gnu/5/include]
  collapse include dir [/usr/local/include] ==> [/usr/local/include]
  collapse include dir [/usr/lib/gcc/x86_64-linux-gnu/5/include-fixed] ==> [/usr/lib/gcc/x86_64-linux-gnu/5/include-fixed]
  collapse include dir [/usr/include/x86_64-linux-gnu] ==> [/usr/include/x86_64-linux-gnu]
  collapse include dir [/usr/include] ==> [/usr/include]
  implicit include dirs: [/usr/include/c++/5;/usr/include/x86_64-linux-gnu/c++/5;/usr/include/c++/5/backward;/usr/lib/gcc/x86_64-linux-gnu/5/include;/usr/local/include;/usr/lib/gcc/x86_64-linux-gnu/5/include-fixed;/usr/include/x86_64-linux-gnu;/usr/include]


Parsed CXX implicit link information from above output:
  link line regex: [^( *|.*[/\])(ld|CMAKE_LINK_STARTFILE-NOTFOUND|([^/\]+-)?ld|collect2)[^/\]*( |$)]
  ignore line: [Change Dir: /home/houxb/Temp/glog/cmake-build-debug/CMakeFiles/CMakeTmp]
  ignore line: []
  ignore line: [Run Build Command(s):/usr/bin/make cmTC_0b10d/fast && /usr/bin/make -f CMakeFiles/cmTC_0b10d.dir/build.make CMakeFiles/cmTC_0b10d.dir/build]
  ignore line: [make[1]: Entering directory '/home/houxb/Temp/glog/cmake-build-debug/CMakeFiles/CMakeTmp']
  ignore line: [Building CXX object CMakeFiles/cmTC_0b10d.dir/CMakeCXXCompilerABI.cpp.o]
  ignore line: [/usr/bin/c++    -v -o CMakeFiles/cmTC_0b10d.dir/CMakeCXXCompilerABI.cpp.o -c /home/houxb/source/Hero_BuiltRobot/builder/cmake-3.16.4-Linux-x86_64/share/cmake-3.16/Modules/CMakeCXXCompilerABI.cpp]
  ignore line: [Using built-in specs.]
  ignore line: [COLLECT_GCC=/usr/bin/c++]
  ignore line: [Target: x86_64-linux-gnu]
  ignore line: [Configured with: ../src/configure -v --with-pkgversion='Ubuntu 5.4.0-6ubuntu1~16.04.12' --with-bugurl=file:///usr/share/doc/gcc-5/README.Bugs --enable-languages=c ada c++ java go d fortran objc obj-c++ --prefix=/usr --program-suffix=-5 --enable-shared --enable-linker-build-id --libexecdir=/usr/lib --without-included-gettext --enable-threads=posix --libdir=/usr/lib --enable-nls --with-sysroot=/ --enable-clocale=gnu --enable-libstdcxx-debug --enable-libstdcxx-time=yes --with-default-libstdcxx-abi=new --enable-gnu-unique-object --disable-vtable-verify --enable-libmpx --enable-plugin --with-system-zlib --disable-browser-plugin --enable-java-awt=gtk --enable-gtk-cairo --with-java-home=/usr/lib/jvm/java-1.5.0-gcj-5-amd64/jre --enable-java-home --with-jvm-root-dir=/usr/lib/jvm/java-1.5.0-gcj-5-amd64 --with-jvm-jar-dir=/usr/lib/jvm-exports/java-1.5.0-gcj-5-amd64 --with-arch-directory=amd64 --with-ecj-jar=/usr/share/java/eclipse-ecj.jar --enable-objc-gc --enable-multiarch --disable-werror --with-arch-32=i686 --with-abi=m64 --with-multilib-list=m32 m64 mx32 --enable-multilib --with-tune=generic --enable-checking=release --build=x86_64-linux-gnu --host=x86_64-linux-gnu --target=x86_64-linux-gnu]
  ignore line: [Thread model: posix]
  ignore line: [gcc version 5.4.0 20160609 (Ubuntu 5.4.0-6ubuntu1~16.04.12) ]
  ignore line: [COLLECT_GCC_OPTIONS='-v' '-o' 'CMakeFiles/cmTC_0b10d.dir/CMakeCXXCompilerABI.cpp.o' '-c' '-shared-libgcc' '-mtune=generic' '-march=x86-64']
  ignore line: [ /usr/lib/gcc/x86_64-linux-gnu/5/cc1plus -quiet -v -imultiarch x86_64-linux-gnu -D_GNU_SOURCE /home/houxb/source/Hero_BuiltRobot/builder/cmake-3.16.4-Linux-x86_64/share/cmake-3.16/Modules/CMakeCXXCompilerABI.cpp -quiet -dumpbase CMakeCXXCompilerABI.cpp -mtune=generic -march=x86-64 -auxbase-strip CMakeFiles/cmTC_0b10d.dir/CMakeCXXCompilerABI.cpp.o -version -fstack-protector-strong -Wformat -Wformat-security -o /tmp/ccLmM038.s]
  ignore line: [GNU C++ (Ubuntu 5.4.0-6ubuntu1~16.04.12) version 5.4.0 20160609 (x86_64-linux-gnu)]
  ignore line: [	compiled by GNU C version 5.4.0 20160609  GMP version 6.1.0  MPFR version 3.1.4  MPC version 1.0.3]
  ignore line: [GGC heuristics: --param ggc-min-expand=100 --param ggc-min-heapsize=131072]
  ignore line: [ignoring duplicate directory "/usr/include/x86_64-linux-gnu/c++/5"]
  ignore line: [ignoring nonexistent directory "/usr/local/include/x86_64-linux-gnu"]
  ignore line: [ignoring nonexistent directory "/usr/lib/gcc/x86_64-linux-gnu/5/../../../../x86_64-linux-gnu/include"]
  ignore line: [#include "..." search starts here:]
  ignore line: [#include <...> search starts here:]
  ignore line: [ /usr/include/c++/5]
  ignore line: [ /usr/include/x86_64-linux-gnu/c++/5]
  ignore line: [ /usr/include/c++/5/backward]
  ignore line: [ /usr/lib/gcc/x86_64-linux-gnu/5/include]
  ignore line: [ /usr/local/include]
  ignore line: [ /usr/lib/gcc/x86_64-linux-gnu/5/include-fixed]
  ignore line: [ /usr/include/x86_64-linux-gnu]
  ignore line: [ /usr/include]
  ignore line: [End of search list.]
  ignore line: [GNU C++ (Ubuntu 5.4.0-6ubuntu1~16.04.12) version 5.4.0 20160609 (x86_64-linux-gnu)]
  ignore line: [	compiled by GNU C version 5.4.0 20160609  GMP version 6.1.0  MPFR version 3.1.4  MPC version 1.0.3]
  ignore line: [GGC heuristics: --param ggc-min-expand=100 --param ggc-min-heapsize=131072]
  ignore line: [Compiler executable checksum: 85af4995304287cdd19cfa43cf5d6cf1]
  ignore line: [COLLECT_GCC_OPTIONS='-v' '-o' 'CMakeFiles/cmTC_0b10d.dir/CMakeCXXCompilerABI.cpp.o' '-c' '-shared-libgcc' '-mtune=generic' '-march=x86-64']
  ignore line: [ as -v --64 -o CMakeFiles/cmTC_0b10d.dir/CMakeCXXCompilerABI.cpp.o /tmp/ccLmM038.s]
  ignore line: [GNU assembler version 2.26.1 (x86_64-linux-gnu) using BFD version (GNU Binutils for Ubuntu) 2.26.1]
  ignore line: [COMPILER_PATH=/usr/lib/gcc/x86_64-linux-gnu/5/:/usr/lib/gcc/x86_64-linux-gnu/5/:/usr/lib/gcc/x86_64-linux-gnu/:/usr/lib/gcc/x86_64-linux-gnu/5/:/usr/lib/gcc/x86_64-linux-gnu/]
  ignore line: [LIBRARY_PATH=/usr/lib/gcc/x86_64-linux-gnu/5/:/usr/lib/gcc/x86_64-linux-gnu/5/../../../x86_64-linux-gnu/:/usr/lib/gcc/x86_64-linux-gnu/5/../../../../lib/:/lib/x86_64-linux-gnu/:/lib/../lib/:/usr/lib/x86_64-linux-gnu/:/usr/lib/../lib/:/usr/lib/gcc/x86_64-linux-gnu/5/../../../:/lib/:/usr/lib/]
  ignore line: [COLLECT_GCC_OPTIONS='-v' '-o' 'CMakeFiles/cmTC_0b10d.dir/CMakeCXXCompilerABI.cpp.o' '-c' '-shared-libgcc' '-mtune=generic' '-march=x86-64']
  ignore line: [Linking CXX executable cmTC_0b10d]
  ignore line: [/home/houxb/source/Hero_BuiltRobot/builder/cmake-3.16.4-Linux-x86_64/bin/cmake -E cmake_link_script CMakeFiles/cmTC_0b10d.dir/link.txt --verbose=1]
  ignore line: [/usr/bin/c++      -v -rdynamic CMakeFiles/cmTC_0b10d.dir/CMakeCXXCompilerABI.cpp.o  -o cmTC_0b10d ]
  ignore line: [Using built-in specs.]
  ignore line: [COLLECT_GCC=/usr/bin/c++]
  ignore line: [COLLECT_LTO_WRAPPER=/usr/lib/gcc/x86_64-linux-gnu/5/lto-wrapper]
  ignore line: [Target: x86_64-linux-gnu]
  ignore line: [Configured with: ../src/configure -v --with-pkgversion='Ubuntu 5.4.0-6ubuntu1~16.04.12' --with-bugurl=file:///usr/share/doc/gcc-5/README.Bugs --enable-languages=c ada c++ java go d fortran objc obj-c++ --prefix=/usr --program-suffix=-5 --enable-shared --enable-linker-build-id --libexecdir=/usr/lib --without-included-gettext --enable-threads=posix --libdir=/usr/lib --enable-nls --with-sysroot=/ --enable-clocale=gnu --enable-libstdcxx-debug --enable-libstdcxx-time=yes --with-default-libstdcxx-abi=new --enable-gnu-unique-object --disable-vtable-verify --enable-libmpx --enable-plugin --with-system-zlib --disable-browser-plugin --enable-java-awt=gtk --enable-gtk-cairo --with-java-home=/usr/lib/jvm/java-1.5.0-gcj-5-amd64/jre --enable-java-home --with-jvm-root-dir=/usr/lib/jvm/java-1.5.0-gcj-5-amd64 --with-jvm-jar-dir=/usr/lib/jvm-exports/java-1.5.0-gcj-5-amd64 --with-arch-directory=amd64 --with-ecj-jar=/usr/share/java/eclipse-ecj.jar --enable-objc-gc --enable-multiarch --disable-werror --with-arch-32=i686 --with-abi=m64 --with-multilib-list=m32 m64 mx32 --enable-multilib --with-tune=generic --enable-checking=release --build=x86_64-linux-gnu --host=x86_64-linux-gnu --target=x86_64-linux-gnu]
  ignore line: [Thread model: posix]
  ignore line: [gcc version 5.4.0 20160609 (Ubuntu 5.4.0-6ubuntu1~16.04.12) ]
  ignore line: [COMPILER_PATH=/usr/lib/gcc/x86_64-linux-gnu/5/:/usr/lib/gcc/x86_64-linux-gnu/5/:/usr/lib/gcc/x86_64-linux-gnu/:/usr/lib/gcc/x86_64-linux-gnu/5/:/usr/lib/gcc/x86_64-linux-gnu/]
  ignore line: [LIBRARY_PATH=/usr/lib/gcc/x86_64-linux-gnu/5/:/usr/lib/gcc/x86_64-linux-gnu/5/../../../x86_64-linux-gnu/:/usr/lib/gcc/x86_64-linux-gnu/5/../../../../lib/:/lib/x86_64-linux-gnu/:/lib/../lib/:/usr/lib/x86_64-linux-gnu/:/usr/lib/../lib/:/usr/lib/gcc/x86_64-linux-gnu/5/../../../:/lib/:/usr/lib/]
  ignore line: [COLLECT_GCC_OPTIONS='-v' '-rdynamic' '-o' 'cmTC_0b10d' '-shared-libgcc' '-mtune=generic' '-march=x86-64']
  link line: [ /usr/lib/gcc/x86_64-linux-gnu/5/collect2 -plugin /usr/lib/gcc/x86_64-linux-gnu/5/liblto_plugin.so -plugin-opt=/usr/lib/gcc/x86_64-linux-gnu/5/lto-wrapper -plugin-opt=-fresolution=/tmp/ccXdgTAg.res -plugin-opt=-pass-through=-lgcc_s -plugin-opt=-pass-through=-lgcc -plugin-opt=-pass-through=-lc -plugin-opt=-pass-through=-lgcc_s -plugin-opt=-pass-through=-lgcc --sysroot=/ --build-id --eh-frame-hdr -m elf_x86_64 --hash-style=gnu --as-needed -export-dynamic -dynamic-linker /lib64/ld-linux-x86-64.so.2 -z relro -o cmTC_0b10d /usr/lib/gcc/x86_64-linux-gnu/5/../../../x86_64-linux-gnu/crt1.o /usr/lib/gcc/x86_64-linux-gnu/5/../../../x86_64-linux-gnu/crti.o /usr/lib/gcc/x86_64-linux-gnu/5/crtbegin.o -L/usr/lib/gcc/x86_64-linux-gnu/5 -L/usr/lib/gcc/x86_64-linux-gnu/5/../../../x86_64-linux-gnu -L/usr/lib/gcc/x86_64-linux-gnu/5/../../../../lib -L/lib/x86_64-linux-gnu -L/lib/../lib -L/usr/lib/x86_64-linux-gnu -L/usr/lib/../lib -L/usr/lib/gcc/x86_64-linux-gnu/5/../../.. CMakeFiles/cmTC_0b10d.dir/CMakeCXXCompilerABI.cpp.o -lstdc++ -lm -lgcc_s -lgcc -lc -lgcc_s -lgcc /usr/lib/gcc/x86_64-linux-gnu/5/crtend.o /usr/lib/gcc/x86_64-linux-gnu/5/../../../x86_64-linux-gnu/crtn.o]
    arg [/usr/lib/gcc/x86_64-linux-gnu/5/collect2] ==> ignore
    arg [-plugin] ==> ignore
    arg [/usr/lib/gcc/x86_64-linux-gnu/5/liblto_plugin.so] ==> ignore
    arg [-plugin-opt=/usr/lib/gcc/x86_64-linux-gnu/5/lto-wrapper] ==> ignore
    arg [-plugin-opt=-fresolution=/tmp/ccXdgTAg.res] ==> ignore
    arg [-plugin-opt=-pass-through=-lgcc_s] ==> ignore
    arg [-plugin-opt=-pass-through=-lgcc] ==> ignore
    arg [-plugin-opt=-pass-through=-lc] ==> ignore
    arg [-plugin-opt=-pass-through=-lgcc_s] ==> ignore
    arg [-plugin-opt=-pass-through=-lgcc] ==> ignore
    arg [--sysroot=/] ==> ignore
    arg [--build-id] ==> ignore
    arg [--eh-frame-hdr] ==> ignore
    arg [-m] ==> ignore
    arg [elf_x86_64] ==> ignore
    arg [--hash-style=gnu] ==> ignore
    arg [--as-needed] ==> ignore
    arg [-export-dynamic] ==> ignore
    arg [-dynamic-linker] ==> ignore
    arg [/lib64/ld-linux-x86-64.so.2] ==> ignore
    arg [-zrelro] ==> ignore
    arg [-o] ==> ignore
    arg [cmTC_0b10d] ==> ignore
    arg [/usr/lib/gcc/x86_64-linux-gnu/5/../../../x86_64-linux-gnu/crt1.o] ==> ignore
    arg [/usr/lib/gcc/x86_64-linux-gnu/5/../../../x86_64-linux-gnu/crti.o] ==> ignore
    arg [/usr/lib/gcc/x86_64-linux-gnu/5/crtbegin.o] ==> ignore
    arg [-L/usr/lib/gcc/x86_64-linux-gnu/5] ==> dir [/usr/lib/gcc/x86_64-linux-gnu/5]
    arg [-L/usr/lib/gcc/x86_64-linux-gnu/5/../../../x86_64-linux-gnu] ==> dir [/usr/lib/gcc/x86_64-linux-gnu/5/../../../x86_64-linux-gnu]
    arg [-L/usr/lib/gcc/x86_64-linux-gnu/5/../../../../lib] ==> dir [/usr/lib/gcc/x86_64-linux-gnu/5/../../../../lib]
    arg [-L/lib/x86_64-linux-gnu] ==> dir [/lib/x86_64-linux-gnu]
    arg [-L/lib/../lib] ==> dir [/lib/../lib]
    arg [-L/usr/lib/x86_64-linux-gnu] ==> dir [/usr/lib/x86_64-linux-gnu]
    arg [-L/usr/lib/../lib] ==> dir [/usr/lib/../lib]
    arg [-L/usr/lib/gcc/x86_64-linux-gnu/5/../../..] ==> dir [/usr/lib/gcc/x86_64-linux-gnu/5/../../..]
    arg [CMakeFiles/cmTC_0b10d.dir/CMakeCXXCompilerABI.cpp.o] ==> ignore
    arg [-lstdc++] ==> lib [stdc++]
    arg [-lm] ==> lib [m]
    arg [-lgcc_s] ==> lib [gcc_s]
    arg [-lgcc] ==> lib [gcc]
    arg [-lc] ==> lib [c]
    arg [-lgcc_s] ==> lib [gcc_s]
    arg [-lgcc] ==> lib [gcc]
    arg [/usr/lib/gcc/x86_64-linux-gnu/5/crtend.o] ==> ignore
    arg [/usr/lib/gcc/x86_64-linux-gnu/5/../../../x86_64-linux-gnu/crtn.o] ==> ignore
  collapse library dir [/usr/lib/gcc/x86_64-linux-gnu/5] ==> [/usr/lib/gcc/x86_64-linux-gnu/5]
  collapse library dir [/usr/lib/gcc/x86_64-linux-gnu/5/../../../x86_64-linux-gnu] ==> [/usr/lib/x86_64-linux-gnu]
  collapse library dir [/usr/lib/gcc/x86_64-linux-gnu/5/../../../../lib] ==> [/usr/lib]
  collapse library dir [/lib/x86_64-linux-gnu] ==> [/lib/x86_64-linux-gnu]
  collapse library dir [/lib/../lib] ==> [/lib]
  collapse library dir [/usr/lib/x86_64-linux-gnu] ==> [/usr/lib/x86_64-linux-gnu]
  collapse library dir [/usr/lib/../lib] ==> [/usr/lib]
  collapse library dir [/usr/lib/gcc/x86_64-linux-gnu/5/../../..] ==> [/usr/lib]
  implicit libs: [stdc++;m;gcc_s;gcc;c;gcc_s;gcc]
  implicit dirs: [/usr/lib/gcc/x86_64-linux-gnu/5;/usr/lib/x86_64-linux-gnu;/usr/lib;/lib/x86_64-linux-gnu;/lib]
  implicit fwks: []


Determining if the include file pthread.h exists passed with the following output:
Change Dir: /home/houxb/Temp/glog/cmake-build-debug/CMakeFiles/CMakeTmp

Run Build Command(s):/usr/bin/make cmTC_f6882/fast && /usr/bin/make -f CMakeFiles/cmTC_f6882.dir/build.make CMakeFiles/cmTC_f6882.dir/build
make[1]: Entering directory '/home/houxb/Temp/glog/cmake-build-debug/CMakeFiles/CMakeTmp'
Building C object CMakeFiles/cmTC_f6882.dir/CheckIncludeFile.c.o
/usr/bin/cc    -o CMakeFiles/cmTC_f6882.dir/CheckIncludeFile.c.o   -c /home/houxb/Temp/glog/cmake-build-debug/CMakeFiles/CMakeTmp/CheckIncludeFile.c
Linking C executable cmTC_f6882
/home/houxb/source/Hero_BuiltRobot/builder/cmake-3.16.4-Linux-x86_64/bin/cmake -E cmake_link_script CMakeFiles/cmTC_f6882.dir/link.txt --verbose=1
/usr/bin/cc      -rdynamic CMakeFiles/cmTC_f6882.dir/CheckIncludeFile.c.o  -o cmTC_f6882 
make[1]: Leaving directory '/home/houxb/Temp/glog/cmake-build-debug/CMakeFiles/CMakeTmp'



Determining if the function pthread_create exists in the pthread passed with the following output:
Change Dir: /home/houxb/Temp/glog/cmake-build-debug/CMakeFiles/CMakeTmp

Run Build Command(s):/usr/bin/make cmTC_13abb/fast && /usr/bin/make -f CMakeFiles/cmTC_13abb.dir/build.make CMakeFiles/cmTC_13abb.dir/build
make[1]: Entering directory '/home/houxb/Temp/glog/cmake-build-debug/CMakeFiles/CMakeTmp'
Building C object CMakeFiles/cmTC_13abb.dir/CheckFunctionExists.c.o
/usr/bin/cc   -DCHECK_FUNCTION_EXISTS=pthread_create   -o CMakeFiles/cmTC_13abb.dir/CheckFunctionExists.c.o   -c /home/houxb/source/Hero_BuiltRobot/builder/cmake-3.16.4-Linux-x86_64/share/cmake-3.16/Modules/CheckFunctionExists.c
Linking C executable cmTC_13abb
/home/houxb/source/Hero_BuiltRobot/builder/cmake-3.16.4-Linux-x86_64/bin/cmake -E cmake_link_script CMakeFiles/cmTC_13abb.dir/link.txt --verbose=1
/usr/bin/cc  -DCHECK_FUNCTION_EXISTS=pthread_create    -rdynamic CMakeFiles/cmTC_13abb.dir/CheckFunctionExists.c.o  -o cmTC_13abb  -lpthread 
make[1]: Leaving directory '/home/houxb/Temp/glog/cmake-build-debug/CMakeFiles/CMakeTmp'



Determining if the include file dlfcn.h exists passed with the following output:
Change Dir: /home/houxb/Temp/glog/cmake-build-debug/CMakeFiles/CMakeTmp

Run Build Command(s):/usr/bin/make cmTC_0eda4/fast && /usr/bin/make -f CMakeFiles/cmTC_0eda4.dir/build.make CMakeFiles/cmTC_0eda4.dir/build
make[1]: Entering directory '/home/houxb/Temp/glog/cmake-build-debug/CMakeFiles/CMakeTmp'
Building C object CMakeFiles/cmTC_0eda4.dir/CheckIncludeFile.c.o
/usr/bin/cc    -o CMakeFiles/cmTC_0eda4.dir/CheckIncludeFile.c.o   -c /home/houxb/Temp/glog/cmake-build-debug/CMakeFiles/CMakeTmp/CheckIncludeFile.c
Linking C executable cmTC_0eda4
/home/houxb/source/Hero_BuiltRobot/builder/cmake-3.16.4-Linux-x86_64/bin/cmake -E cmake_link_script CMakeFiles/cmTC_0eda4.dir/link.txt --verbose=1
/usr/bin/cc      -rdynamic CMakeFiles/cmTC_0eda4.dir/CheckIncludeFile.c.o  -o cmTC_0eda4 
make[1]: Leaving directory '/home/houxb/Temp/glog/cmake-build-debug/CMakeFiles/CMakeTmp'



Determining if the include file execinfo.h exists passed with the following output:
Change Dir: /home/houxb/Temp/glog/cmake-build-debug/CMakeFiles/CMakeTmp

Run Build Command(s):/usr/bin/make cmTC_570bf/fast && /usr/bin/make -f CMakeFiles/cmTC_570bf.dir/build.make CMakeFiles/cmTC_570bf.dir/build
make[1]: Entering directory '/home/houxb/Temp/glog/cmake-build-debug/CMakeFiles/CMakeTmp'
Building C object CMakeFiles/cmTC_570bf.dir/CheckIncludeFile.c.o
/usr/bin/cc    -o CMakeFiles/cmTC_570bf.dir/CheckIncludeFile.c.o   -c /home/houxb/Temp/glog/cmake-build-debug/CMakeFiles/CMakeTmp/CheckIncludeFile.c
Linking C executable cmTC_570bf
/home/houxb/source/Hero_BuiltRobot/builder/cmake-3.16.4-Linux-x86_64/bin/cmake -E cmake_link_script CMakeFiles/cmTC_570bf.dir/link.txt --verbose=1
/usr/bin/cc      -rdynamic CMakeFiles/cmTC_570bf.dir/CheckIncludeFile.c.o  -o cmTC_570bf 
make[1]: Leaving directory '/home/houxb/Temp/glog/cmake-build-debug/CMakeFiles/CMakeTmp'



Determining if the include file glob.h exists passed with the following output:
Change Dir: /home/houxb/Temp/glog/cmake-build-debug/CMakeFiles/CMakeTmp

Run Build Command(s):/usr/bin/make cmTC_3054e/fast && /usr/bin/make -f CMakeFiles/cmTC_3054e.dir/build.make CMakeFiles/cmTC_3054e.dir/build
make[1]: Entering directory '/home/houxb/Temp/glog/cmake-build-debug/CMakeFiles/CMakeTmp'
Building C object CMakeFiles/cmTC_3054e.dir/CheckIncludeFile.c.o
/usr/bin/cc    -o CMakeFiles/cmTC_3054e.dir/CheckIncludeFile.c.o   -c /home/houxb/Temp/glog/cmake-build-debug/CMakeFiles/CMakeTmp/CheckIncludeFile.c
Linking C executable cmTC_3054e
/home/houxb/source/Hero_BuiltRobot/builder/cmake-3.16.4-Linux-x86_64/bin/cmake -E cmake_link_script CMakeFiles/cmTC_3054e.dir/link.txt --verbose=1
/usr/bin/cc      -rdynamic CMakeFiles/cmTC_3054e.dir/CheckIncludeFile.c.o  -o cmTC_3054e 
make[1]: Leaving directory '/home/houxb/Temp/glog/cmake-build-debug/CMakeFiles/CMakeTmp'



Determining if the include file inttypes.h exists passed with the following output:
Change Dir: /home/houxb/Temp/glog/cmake-build-debug/CMakeFiles/CMakeTmp

Run Build Command(s):/usr/bin/make cmTC_e965c/fast && /usr/bin/make -f CMakeFiles/cmTC_e965c.dir/build.make CMakeFiles/cmTC_e965c.dir/build
make[1]: Entering directory '/home/houxb/Temp/glog/cmake-build-debug/CMakeFiles/CMakeTmp'
Building C object CMakeFiles/cmTC_e965c.dir/CheckIncludeFile.c.o
/usr/bin/cc    -o CMakeFiles/cmTC_e965c.dir/CheckIncludeFile.c.o   -c /home/houxb/Temp/glog/cmake-build-debug/CMakeFiles/CMakeTmp/CheckIncludeFile.c
Linking C executable cmTC_e965c
/home/houxb/source/Hero_BuiltRobot/builder/cmake-3.16.4-Linux-x86_64/bin/cmake -E cmake_link_script CMakeFiles/cmTC_e965c.dir/link.txt --verbose=1
/usr/bin/cc      -rdynamic CMakeFiles/cmTC_e965c.dir/CheckIncludeFile.c.o  -o cmTC_e965c 
make[1]: Leaving directory '/home/houxb/Temp/glog/cmake-build-debug/CMakeFiles/CMakeTmp'



Determining if the include file memory.h exists passed with the following output:
Change Dir: /home/houxb/Temp/glog/cmake-build-debug/CMakeFiles/CMakeTmp

Run Build Command(s):/usr/bin/make cmTC_dcaaf/fast && /usr/bin/make -f CMakeFiles/cmTC_dcaaf.dir/build.make CMakeFiles/cmTC_dcaaf.dir/build
make[1]: Entering directory '/home/houxb/Temp/glog/cmake-build-debug/CMakeFiles/CMakeTmp'
Building C object CMakeFiles/cmTC_dcaaf.dir/CheckIncludeFile.c.o
/usr/bin/cc    -o CMakeFiles/cmTC_dcaaf.dir/CheckIncludeFile.c.o   -c /home/houxb/Temp/glog/cmake-build-debug/CMakeFiles/CMakeTmp/CheckIncludeFile.c
Linking C executable cmTC_dcaaf
/home/houxb/source/Hero_BuiltRobot/builder/cmake-3.16.4-Linux-x86_64/bin/cmake -E cmake_link_script CMakeFiles/cmTC_dcaaf.dir/link.txt --verbose=1
/usr/bin/cc      -rdynamic CMakeFiles/cmTC_dcaaf.dir/CheckIncludeFile.c.o  -o cmTC_dcaaf 
make[1]: Leaving directory '/home/houxb/Temp/glog/cmake-build-debug/CMakeFiles/CMakeTmp'



Determining if the include file pwd.h exists passed with the following output:
Change Dir: /home/houxb/Temp/glog/cmake-build-debug/CMakeFiles/CMakeTmp

Run Build Command(s):/usr/bin/make cmTC_3f112/fast && /usr/bin/make -f CMakeFiles/cmTC_3f112.dir/build.make CMakeFiles/cmTC_3f112.dir/build
make[1]: Entering directory '/home/houxb/Temp/glog/cmake-build-debug/CMakeFiles/CMakeTmp'
Building C object CMakeFiles/cmTC_3f112.dir/CheckIncludeFile.c.o
/usr/bin/cc    -o CMakeFiles/cmTC_3f112.dir/CheckIncludeFile.c.o   -c /home/houxb/Temp/glog/cmake-build-debug/CMakeFiles/CMakeTmp/CheckIncludeFile.c
Linking C executable cmTC_3f112
/home/houxb/source/Hero_BuiltRobot/builder/cmake-3.16.4-Linux-x86_64/bin/cmake -E cmake_link_script CMakeFiles/cmTC_3f112.dir/link.txt --verbose=1
/usr/bin/cc      -rdynamic CMakeFiles/cmTC_3f112.dir/CheckIncludeFile.c.o  -o cmTC_3f112 
make[1]: Leaving directory '/home/houxb/Temp/glog/cmake-build-debug/CMakeFiles/CMakeTmp'



Determining if the include file stdint.h exists passed with the following output:
Change Dir: /home/houxb/Temp/glog/cmake-build-debug/CMakeFiles/CMakeTmp

Run Build Command(s):/usr/bin/make cmTC_47067/fast && /usr/bin/make -f CMakeFiles/cmTC_47067.dir/build.make CMakeFiles/cmTC_47067.dir/build
make[1]: Entering directory '/home/houxb/Temp/glog/cmake-build-debug/CMakeFiles/CMakeTmp'
Building C object CMakeFiles/cmTC_47067.dir/CheckIncludeFile.c.o
/usr/bin/cc    -o CMakeFiles/cmTC_47067.dir/CheckIncludeFile.c.o   -c /home/houxb/Temp/glog/cmake-build-debug/CMakeFiles/CMakeTmp/CheckIncludeFile.c
Linking C executable cmTC_47067
/home/houxb/source/Hero_BuiltRobot/builder/cmake-3.16.4-Linux-x86_64/bin/cmake -E cmake_link_script CMakeFiles/cmTC_47067.dir/link.txt --verbose=1
/usr/bin/cc      -rdynamic CMakeFiles/cmTC_47067.dir/CheckIncludeFile.c.o  -o cmTC_47067 
make[1]: Leaving directory '/home/houxb/Temp/glog/cmake-build-debug/CMakeFiles/CMakeTmp'



Determining if the include file stdlib.h exists passed with the following output:
Change Dir: /home/houxb/Temp/glog/cmake-build-debug/CMakeFiles/CMakeTmp

Run Build Command(s):/usr/bin/make cmTC_9f4a9/fast && /usr/bin/make -f CMakeFiles/cmTC_9f4a9.dir/build.make CMakeFiles/cmTC_9f4a9.dir/build
make[1]: Entering directory '/home/houxb/Temp/glog/cmake-build-debug/CMakeFiles/CMakeTmp'
Building C object CMakeFiles/cmTC_9f4a9.dir/CheckIncludeFile.c.o
/usr/bin/cc    -o CMakeFiles/cmTC_9f4a9.dir/CheckIncludeFile.c.o   -c /home/houxb/Temp/glog/cmake-build-debug/CMakeFiles/CMakeTmp/CheckIncludeFile.c
Linking C executable cmTC_9f4a9
/home/houxb/source/Hero_BuiltRobot/builder/cmake-3.16.4-Linux-x86_64/bin/cmake -E cmake_link_script CMakeFiles/cmTC_9f4a9.dir/link.txt --verbose=1
/usr/bin/cc      -rdynamic CMakeFiles/cmTC_9f4a9.dir/CheckIncludeFile.c.o  -o cmTC_9f4a9 
make[1]: Leaving directory '/home/houxb/Temp/glog/cmake-build-debug/CMakeFiles/CMakeTmp'



Determining if the include file string.h exists passed with the following output:
Change Dir: /home/houxb/Temp/glog/cmake-build-debug/CMakeFiles/CMakeTmp

Run Build Command(s):/usr/bin/make cmTC_93c66/fast && /usr/bin/make -f CMakeFiles/cmTC_93c66.dir/build.make CMakeFiles/cmTC_93c66.dir/build
make[1]: Entering directory '/home/houxb/Temp/glog/cmake-build-debug/CMakeFiles/CMakeTmp'
Building C object CMakeFiles/cmTC_93c66.dir/CheckIncludeFile.c.o
/usr/bin/cc    -o CMakeFiles/cmTC_93c66.dir/CheckIncludeFile.c.o   -c /home/houxb/Temp/glog/cmake-build-debug/CMakeFiles/CMakeTmp/CheckIncludeFile.c
Linking C executable cmTC_93c66
/home/houxb/source/Hero_BuiltRobot/builder/cmake-3.16.4-Linux-x86_64/bin/cmake -E cmake_link_script CMakeFiles/cmTC_93c66.dir/link.txt --verbose=1
/usr/bin/cc      -rdynamic CMakeFiles/cmTC_93c66.dir/CheckIncludeFile.c.o  -o cmTC_93c66 
make[1]: Leaving directory '/home/houxb/Temp/glog/cmake-build-debug/CMakeFiles/CMakeTmp'



Determining if the include file strings.h exists passed with the following output:
Change Dir: /home/houxb/Temp/glog/cmake-build-debug/CMakeFiles/CMakeTmp

Run Build Command(s):/usr/bin/make cmTC_31a6a/fast && /usr/bin/make -f CMakeFiles/cmTC_31a6a.dir/build.make CMakeFiles/cmTC_31a6a.dir/build
make[1]: Entering directory '/home/houxb/Temp/glog/cmake-build-debug/CMakeFiles/CMakeTmp'
Building C object CMakeFiles/cmTC_31a6a.dir/CheckIncludeFile.c.o
/usr/bin/cc    -o CMakeFiles/cmTC_31a6a.dir/CheckIncludeFile.c.o   -c /home/houxb/Temp/glog/cmake-build-debug/CMakeFiles/CMakeTmp/CheckIncludeFile.c
Linking C executable cmTC_31a6a
/home/houxb/source/Hero_BuiltRobot/builder/cmake-3.16.4-Linux-x86_64/bin/cmake -E cmake_link_script CMakeFiles/cmTC_31a6a.dir/link.txt --verbose=1
/usr/bin/cc      -rdynamic CMakeFiles/cmTC_31a6a.dir/CheckIncludeFile.c.o  -o cmTC_31a6a 
make[1]: Leaving directory '/home/houxb/Temp/glog/cmake-build-debug/CMakeFiles/CMakeTmp'



Determining if the include file sys/stat.h exists passed with the following output:
Change Dir: /home/houxb/Temp/glog/cmake-build-debug/CMakeFiles/CMakeTmp

Run Build Command(s):/usr/bin/make cmTC_8f1fb/fast && /usr/bin/make -f CMakeFiles/cmTC_8f1fb.dir/build.make CMakeFiles/cmTC_8f1fb.dir/build
make[1]: Entering directory '/home/houxb/Temp/glog/cmake-build-debug/CMakeFiles/CMakeTmp'
Building C object CMakeFiles/cmTC_8f1fb.dir/CheckIncludeFile.c.o
/usr/bin/cc    -o CMakeFiles/cmTC_8f1fb.dir/CheckIncludeFile.c.o   -c /home/houxb/Temp/glog/cmake-build-debug/CMakeFiles/CMakeTmp/CheckIncludeFile.c
Linking C executable cmTC_8f1fb
/home/houxb/source/Hero_BuiltRobot/builder/cmake-3.16.4-Linux-x86_64/bin/cmake -E cmake_link_script CMakeFiles/cmTC_8f1fb.dir/link.txt --verbose=1
/usr/bin/cc      -rdynamic CMakeFiles/cmTC_8f1fb.dir/CheckIncludeFile.c.o  -o cmTC_8f1fb 
make[1]: Leaving directory '/home/houxb/Temp/glog/cmake-build-debug/CMakeFiles/CMakeTmp'



Determining if the include file sys/syscall.h exists passed with the following output:
Change Dir: /home/houxb/Temp/glog/cmake-build-debug/CMakeFiles/CMakeTmp

Run Build Command(s):/usr/bin/make cmTC_1503b/fast && /usr/bin/make -f CMakeFiles/cmTC_1503b.dir/build.make CMakeFiles/cmTC_1503b.dir/build
make[1]: Entering directory '/home/houxb/Temp/glog/cmake-build-debug/CMakeFiles/CMakeTmp'
Building C object CMakeFiles/cmTC_1503b.dir/CheckIncludeFile.c.o
/usr/bin/cc    -o CMakeFiles/cmTC_1503b.dir/CheckIncludeFile.c.o   -c /home/houxb/Temp/glog/cmake-build-debug/CMakeFiles/CMakeTmp/CheckIncludeFile.c
Linking C executable cmTC_1503b
/home/houxb/source/Hero_BuiltRobot/builder/cmake-3.16.4-Linux-x86_64/bin/cmake -E cmake_link_script CMakeFiles/cmTC_1503b.dir/link.txt --verbose=1
/usr/bin/cc      -rdynamic CMakeFiles/cmTC_1503b.dir/CheckIncludeFile.c.o  -o cmTC_1503b 
make[1]: Leaving directory '/home/houxb/Temp/glog/cmake-build-debug/CMakeFiles/CMakeTmp'



Determining if the include file sys/time.h exists passed with the following output:
Change Dir: /home/houxb/Temp/glog/cmake-build-debug/CMakeFiles/CMakeTmp

Run Build Command(s):/usr/bin/make cmTC_90020/fast && /usr/bin/make -f CMakeFiles/cmTC_90020.dir/build.make CMakeFiles/cmTC_90020.dir/build
make[1]: Entering directory '/home/houxb/Temp/glog/cmake-build-debug/CMakeFiles/CMakeTmp'
Building C object CMakeFiles/cmTC_90020.dir/CheckIncludeFile.c.o
/usr/bin/cc    -o CMakeFiles/cmTC_90020.dir/CheckIncludeFile.c.o   -c /home/houxb/Temp/glog/cmake-build-debug/CMakeFiles/CMakeTmp/CheckIncludeFile.c
Linking C executable cmTC_90020
/home/houxb/source/Hero_BuiltRobot/builder/cmake-3.16.4-Linux-x86_64/bin/cmake -E cmake_link_script CMakeFiles/cmTC_90020.dir/link.txt --verbose=1
/usr/bin/cc      -rdynamic CMakeFiles/cmTC_90020.dir/CheckIncludeFile.c.o  -o cmTC_90020 
make[1]: Leaving directory '/home/houxb/Temp/glog/cmake-build-debug/CMakeFiles/CMakeTmp'



Determining if the include file sys/types.h exists passed with the following output:
Change Dir: /home/houxb/Temp/glog/cmake-build-debug/CMakeFiles/CMakeTmp

Run Build Command(s):/usr/bin/make cmTC_ab386/fast && /usr/bin/make -f CMakeFiles/cmTC_ab386.dir/build.make CMakeFiles/cmTC_ab386.dir/build
make[1]: Entering directory '/home/houxb/Temp/glog/cmake-build-debug/CMakeFiles/CMakeTmp'
Building C object CMakeFiles/cmTC_ab386.dir/CheckIncludeFile.c.o
/usr/bin/cc    -o CMakeFiles/cmTC_ab386.dir/CheckIncludeFile.c.o   -c /home/houxb/Temp/glog/cmake-build-debug/CMakeFiles/CMakeTmp/CheckIncludeFile.c
Linking C executable cmTC_ab386
/home/houxb/source/Hero_BuiltRobot/builder/cmake-3.16.4-Linux-x86_64/bin/cmake -E cmake_link_script CMakeFiles/cmTC_ab386.dir/link.txt --verbose=1
/usr/bin/cc      -rdynamic CMakeFiles/cmTC_ab386.dir/CheckIncludeFile.c.o  -o cmTC_ab386 
make[1]: Leaving directory '/home/houxb/Temp/glog/cmake-build-debug/CMakeFiles/CMakeTmp'



Determining if the include file sys/utsname.h exists passed with the following output:
Change Dir: /home/houxb/Temp/glog/cmake-build-debug/CMakeFiles/CMakeTmp

Run Build Command(s):/usr/bin/make cmTC_0e241/fast && /usr/bin/make -f CMakeFiles/cmTC_0e241.dir/build.make CMakeFiles/cmTC_0e241.dir/build
make[1]: Entering directory '/home/houxb/Temp/glog/cmake-build-debug/CMakeFiles/CMakeTmp'
Building C object CMakeFiles/cmTC_0e241.dir/CheckIncludeFile.c.o
/usr/bin/cc    -o CMakeFiles/cmTC_0e241.dir/CheckIncludeFile.c.o   -c /home/houxb/Temp/glog/cmake-build-debug/CMakeFiles/CMakeTmp/CheckIncludeFile.c
Linking C executable cmTC_0e241
/home/houxb/source/Hero_BuiltRobot/builder/cmake-3.16.4-Linux-x86_64/bin/cmake -E cmake_link_script CMakeFiles/cmTC_0e241.dir/link.txt --verbose=1
/usr/bin/cc      -rdynamic CMakeFiles/cmTC_0e241.dir/CheckIncludeFile.c.o  -o cmTC_0e241 
make[1]: Leaving directory '/home/houxb/Temp/glog/cmake-build-debug/CMakeFiles/CMakeTmp'



Determining if the include file syscall.h exists passed with the following output:
Change Dir: /home/houxb/Temp/glog/cmake-build-debug/CMakeFiles/CMakeTmp

Run Build Command(s):/usr/bin/make cmTC_9c265/fast && /usr/bin/make -f CMakeFiles/cmTC_9c265.dir/build.make CMakeFiles/cmTC_9c265.dir/build
make[1]: Entering directory '/home/houxb/Temp/glog/cmake-build-debug/CMakeFiles/CMakeTmp'
Building C object CMakeFiles/cmTC_9c265.dir/CheckIncludeFile.c.o
/usr/bin/cc    -o CMakeFiles/cmTC_9c265.dir/CheckIncludeFile.c.o   -c /home/houxb/Temp/glog/cmake-build-debug/CMakeFiles/CMakeTmp/CheckIncludeFile.c
Linking C executable cmTC_9c265
/home/houxb/source/Hero_BuiltRobot/builder/cmake-3.16.4-Linux-x86_64/bin/cmake -E cmake_link_script CMakeFiles/cmTC_9c265.dir/link.txt --verbose=1
/usr/bin/cc      -rdynamic CMakeFiles/cmTC_9c265.dir/CheckIncludeFile.c.o  -o cmTC_9c265 
make[1]: Leaving directory '/home/houxb/Temp/glog/cmake-build-debug/CMakeFiles/CMakeTmp'



Determining if the include file syslog.h exists passed with the following output:
Change Dir: /home/houxb/Temp/glog/cmake-build-debug/CMakeFiles/CMakeTmp

Run Build Command(s):/usr/bin/make cmTC_27a99/fast && /usr/bin/make -f CMakeFiles/cmTC_27a99.dir/build.make CMakeFiles/cmTC_27a99.dir/build
make[1]: Entering directory '/home/houxb/Temp/glog/cmake-build-debug/CMakeFiles/CMakeTmp'
Building C object CMakeFiles/cmTC_27a99.dir/CheckIncludeFile.c.o
/usr/bin/cc    -o CMakeFiles/cmTC_27a99.dir/CheckIncludeFile.c.o   -c /home/houxb/Temp/glog/cmake-build-debug/CMakeFiles/CMakeTmp/CheckIncludeFile.c
Linking C executable cmTC_27a99
/home/houxb/source/Hero_BuiltRobot/builder/cmake-3.16.4-Linux-x86_64/bin/cmake -E cmake_link_script CMakeFiles/cmTC_27a99.dir/link.txt --verbose=1
/usr/bin/cc      -rdynamic CMakeFiles/cmTC_27a99.dir/CheckIncludeFile.c.o  -o cmTC_27a99 
make[1]: Leaving directory '/home/houxb/Temp/glog/cmake-build-debug/CMakeFiles/CMakeTmp'



Determining if the include file ucontext.h exists passed with the following output:
Change Dir: /home/houxb/Temp/glog/cmake-build-debug/CMakeFiles/CMakeTmp

Run Build Command(s):/usr/bin/make cmTC_aa030/fast && /usr/bin/make -f CMakeFiles/cmTC_aa030.dir/build.make CMakeFiles/cmTC_aa030.dir/build
make[1]: Entering directory '/home/houxb/Temp/glog/cmake-build-debug/CMakeFiles/CMakeTmp'
Building C object CMakeFiles/cmTC_aa030.dir/CheckIncludeFile.c.o
/usr/bin/cc    -o CMakeFiles/cmTC_aa030.dir/CheckIncludeFile.c.o   -c /home/houxb/Temp/glog/cmake-build-debug/CMakeFiles/CMakeTmp/CheckIncludeFile.c
Linking C executable cmTC_aa030
/home/houxb/source/Hero_BuiltRobot/builder/cmake-3.16.4-Linux-x86_64/bin/cmake -E cmake_link_script CMakeFiles/cmTC_aa030.dir/link.txt --verbose=1
/usr/bin/cc      -rdynamic CMakeFiles/cmTC_aa030.dir/CheckIncludeFile.c.o  -o cmTC_aa030 
make[1]: Leaving directory '/home/houxb/Temp/glog/cmake-build-debug/CMakeFiles/CMakeTmp'



Determining if the include file unistd.h exists passed with the following output:
Change Dir: /home/houxb/Temp/glog/cmake-build-debug/CMakeFiles/CMakeTmp

Run Build Command(s):/usr/bin/make cmTC_030e4/fast && /usr/bin/make -f CMakeFiles/cmTC_030e4.dir/build.make CMakeFiles/cmTC_030e4.dir/build
make[1]: Entering directory '/home/houxb/Temp/glog/cmake-build-debug/CMakeFiles/CMakeTmp'
Building C object CMakeFiles/cmTC_030e4.dir/CheckIncludeFile.c.o
/usr/bin/cc    -o CMakeFiles/cmTC_030e4.dir/CheckIncludeFile.c.o   -c /home/houxb/Temp/glog/cmake-build-debug/CMakeFiles/CMakeTmp/CheckIncludeFile.c
Linking C executable cmTC_030e4
/home/houxb/source/Hero_BuiltRobot/builder/cmake-3.16.4-Linux-x86_64/bin/cmake -E cmake_link_script CMakeFiles/cmTC_030e4.dir/link.txt --verbose=1
/usr/bin/cc      -rdynamic CMakeFiles/cmTC_030e4.dir/CheckIncludeFile.c.o  -o cmTC_030e4 
make[1]: Leaving directory '/home/houxb/Temp/glog/cmake-build-debug/CMakeFiles/CMakeTmp'



Determining if the include file unwind.h exists passed with the following output:
Change Dir: /home/houxb/Temp/glog/cmake-build-debug/CMakeFiles/CMakeTmp

Run Build Command(s):/usr/bin/make cmTC_e2791/fast && /usr/bin/make -f CMakeFiles/cmTC_e2791.dir/build.make CMakeFiles/cmTC_e2791.dir/build
make[1]: Entering directory '/home/houxb/Temp/glog/cmake-build-debug/CMakeFiles/CMakeTmp'
Building C object CMakeFiles/cmTC_e2791.dir/CheckIncludeFile.c.o
/usr/bin/cc    -o CMakeFiles/cmTC_e2791.dir/CheckIncludeFile.c.o   -c /home/houxb/Temp/glog/cmake-build-debug/CMakeFiles/CMakeTmp/CheckIncludeFile.c
Linking C executable cmTC_e2791
/home/houxb/source/Hero_BuiltRobot/builder/cmake-3.16.4-Linux-x86_64/bin/cmake -E cmake_link_script CMakeFiles/cmTC_e2791.dir/link.txt --verbose=1
/usr/bin/cc      -rdynamic CMakeFiles/cmTC_e2791.dir/CheckIncludeFile.c.o  -o cmTC_e2791 
make[1]: Leaving directory '/home/houxb/Temp/glog/cmake-build-debug/CMakeFiles/CMakeTmp'



Determining if the include file ext/hash_map exists passed with the following output:
Change Dir: /home/houxb/Temp/glog/cmake-build-debug/CMakeFiles/CMakeTmp

Run Build Command(s):/usr/bin/make cmTC_860ea/fast && /usr/bin/make -f CMakeFiles/cmTC_860ea.dir/build.make CMakeFiles/cmTC_860ea.dir/build
make[1]: Entering directory '/home/houxb/Temp/glog/cmake-build-debug/CMakeFiles/CMakeTmp'
Building CXX object CMakeFiles/cmTC_860ea.dir/CheckIncludeFile.cxx.o
/usr/bin/c++     -o CMakeFiles/cmTC_860ea.dir/CheckIncludeFile.cxx.o -c /home/houxb/Temp/glog/cmake-build-debug/CMakeFiles/CMakeTmp/CheckIncludeFile.cxx
In file included from /usr/include/c++/5/ext/hash_map:60:0,
                 from /home/houxb/Temp/glog/cmake-build-debug/CMakeFiles/CMakeTmp/CheckIncludeFile.cxx:1:
/usr/include/c++/5/backward/backward_warning.h:32:2: warning: #warning This file includes at least one deprecated or antiquated header which may be removed without further notice at a future date. Please use a non-deprecated interface with equivalent functionality instead. For a listing of replacement headers and interfaces, consult the file backward_warning.h. To disable this warning use -Wno-deprecated. [-Wcpp]
 #warning \
  ^
Linking CXX executable cmTC_860ea
/home/houxb/source/Hero_BuiltRobot/builder/cmake-3.16.4-Linux-x86_64/bin/cmake -E cmake_link_script CMakeFiles/cmTC_860ea.dir/link.txt --verbose=1
/usr/bin/c++       -rdynamic CMakeFiles/cmTC_860ea.dir/CheckIncludeFile.cxx.o  -o cmTC_860ea 
make[1]: Leaving directory '/home/houxb/Temp/glog/cmake-build-debug/CMakeFiles/CMakeTmp'



Determining if the include file ext/hash_set exists passed with the following output:
Change Dir: /home/houxb/Temp/glog/cmake-build-debug/CMakeFiles/CMakeTmp

Run Build Command(s):/usr/bin/make cmTC_82977/fast && /usr/bin/make -f CMakeFiles/cmTC_82977.dir/build.make CMakeFiles/cmTC_82977.dir/build
make[1]: Entering directory '/home/houxb/Temp/glog/cmake-build-debug/CMakeFiles/CMakeTmp'
Building CXX object CMakeFiles/cmTC_82977.dir/CheckIncludeFile.cxx.o
/usr/bin/c++     -o CMakeFiles/cmTC_82977.dir/CheckIncludeFile.cxx.o -c /home/houxb/Temp/glog/cmake-build-debug/CMakeFiles/CMakeTmp/CheckIncludeFile.cxx
In file included from /usr/include/c++/5/ext/hash_set:60:0,
                 from /home/houxb/Temp/glog/cmake-build-debug/CMakeFiles/CMakeTmp/CheckIncludeFile.cxx:1:
/usr/include/c++/5/backward/backward_warning.h:32:2: warning: #warning This file includes at least one deprecated or antiquated header which may be removed without further notice at a future date. Please use a non-deprecated interface with equivalent functionality instead. For a listing of replacement headers and interfaces, consult the file backward_warning.h. To disable this warning use -Wno-deprecated. [-Wcpp]
 #warning \
  ^
Linking CXX executable cmTC_82977
/home/houxb/source/Hero_BuiltRobot/builder/cmake-3.16.4-Linux-x86_64/bin/cmake -E cmake_link_script CMakeFiles/cmTC_82977.dir/link.txt --verbose=1
/usr/bin/c++       -rdynamic CMakeFiles/cmTC_82977.dir/CheckIncludeFile.cxx.o  -o cmTC_82977 
make[1]: Leaving directory '/home/houxb/Temp/glog/cmake-build-debug/CMakeFiles/CMakeTmp'



Determining if the include file ext/slist exists passed with the following output:
Change Dir: /home/houxb/Temp/glog/cmake-build-debug/CMakeFiles/CMakeTmp

Run Build Command(s):/usr/bin/make cmTC_b92f6/fast && /usr/bin/make -f CMakeFiles/cmTC_b92f6.dir/build.make CMakeFiles/cmTC_b92f6.dir/build
make[1]: Entering directory '/home/houxb/Temp/glog/cmake-build-debug/CMakeFiles/CMakeTmp'
Building CXX object CMakeFiles/cmTC_b92f6.dir/CheckIncludeFile.cxx.o
/usr/bin/c++     -o CMakeFiles/cmTC_b92f6.dir/CheckIncludeFile.cxx.o -c /home/houxb/Temp/glog/cmake-build-debug/CMakeFiles/CMakeTmp/CheckIncludeFile.cxx
Linking CXX executable cmTC_b92f6
/home/houxb/source/Hero_BuiltRobot/builder/cmake-3.16.4-Linux-x86_64/bin/cmake -E cmake_link_script CMakeFiles/cmTC_b92f6.dir/link.txt --verbose=1
/usr/bin/c++       -rdynamic CMakeFiles/cmTC_b92f6.dir/CheckIncludeFile.cxx.o  -o cmTC_b92f6 
make[1]: Leaving directory '/home/houxb/Temp/glog/cmake-build-debug/CMakeFiles/CMakeTmp'



Determining if the include file tr1/unordered_map exists passed with the following output:
Change Dir: /home/houxb/Temp/glog/cmake-build-debug/CMakeFiles/CMakeTmp

Run Build Command(s):/usr/bin/make cmTC_e9641/fast && /usr/bin/make -f CMakeFiles/cmTC_e9641.dir/build.make CMakeFiles/cmTC_e9641.dir/build
make[1]: Entering directory '/home/houxb/Temp/glog/cmake-build-debug/CMakeFiles/CMakeTmp'
Building CXX object CMakeFiles/cmTC_e9641.dir/CheckIncludeFile.cxx.o
/usr/bin/c++     -o CMakeFiles/cmTC_e9641.dir/CheckIncludeFile.cxx.o -c /home/houxb/Temp/glog/cmake-build-debug/CMakeFiles/CMakeTmp/CheckIncludeFile.cxx
Linking CXX executable cmTC_e9641
/home/houxb/source/Hero_BuiltRobot/builder/cmake-3.16.4-Linux-x86_64/bin/cmake -E cmake_link_script CMakeFiles/cmTC_e9641.dir/link.txt --verbose=1
/usr/bin/c++       -rdynamic CMakeFiles/cmTC_e9641.dir/CheckIncludeFile.cxx.o  -o cmTC_e9641 
make[1]: Leaving directory '/home/houxb/Temp/glog/cmake-build-debug/CMakeFiles/CMakeTmp'



Determining if the include file tr1/unordered_set exists passed with the following output:
Change Dir: /home/houxb/Temp/glog/cmake-build-debug/CMakeFiles/CMakeTmp

Run Build Command(s):/usr/bin/make cmTC_aa18f/fast && /usr/bin/make -f CMakeFiles/cmTC_aa18f.dir/build.make CMakeFiles/cmTC_aa18f.dir/build
make[1]: Entering directory '/home/houxb/Temp/glog/cmake-build-debug/CMakeFiles/CMakeTmp'
Building CXX object CMakeFiles/cmTC_aa18f.dir/CheckIncludeFile.cxx.o
/usr/bin/c++     -o CMakeFiles/cmTC_aa18f.dir/CheckIncludeFile.cxx.o -c /home/houxb/Temp/glog/cmake-build-debug/CMakeFiles/CMakeTmp/CheckIncludeFile.cxx
Linking CXX executable cmTC_aa18f
/home/houxb/source/Hero_BuiltRobot/builder/cmake-3.16.4-Linux-x86_64/bin/cmake -E cmake_link_script CMakeFiles/cmTC_aa18f.dir/link.txt --verbose=1
/usr/bin/c++       -rdynamic CMakeFiles/cmTC_aa18f.dir/CheckIncludeFile.cxx.o  -o cmTC_aa18f 
make[1]: Leaving directory '/home/houxb/Temp/glog/cmake-build-debug/CMakeFiles/CMakeTmp'



Determining if the include file stddef.h exists passed with the following output:
Change Dir: /home/houxb/Temp/glog/cmake-build-debug/CMakeFiles/CMakeTmp

Run Build Command(s):/usr/bin/make cmTC_8b121/fast && /usr/bin/make -f CMakeFiles/cmTC_8b121.dir/build.make CMakeFiles/cmTC_8b121.dir/build
make[1]: Entering directory '/home/houxb/Temp/glog/cmake-build-debug/CMakeFiles/CMakeTmp'
Building C object CMakeFiles/cmTC_8b121.dir/CheckIncludeFile.c.o
/usr/bin/cc    -o CMakeFiles/cmTC_8b121.dir/CheckIncludeFile.c.o   -c /home/houxb/Temp/glog/cmake-build-debug/CMakeFiles/CMakeTmp/CheckIncludeFile.c
Linking C executable cmTC_8b121
/home/houxb/source/Hero_BuiltRobot/builder/cmake-3.16.4-Linux-x86_64/bin/cmake -E cmake_link_script CMakeFiles/cmTC_8b121.dir/link.txt --verbose=1
/usr/bin/cc      -rdynamic CMakeFiles/cmTC_8b121.dir/CheckIncludeFile.c.o  -o cmTC_8b121 
make[1]: Leaving directory '/home/houxb/Temp/glog/cmake-build-debug/CMakeFiles/CMakeTmp'



Determining size of u_int16_t passed with the following output:
Change Dir: /home/houxb/Temp/glog/cmake-build-debug/CMakeFiles/CMakeTmp

Run Build Command(s):/usr/bin/make cmTC_076c5/fast && /usr/bin/make -f CMakeFiles/cmTC_076c5.dir/build.make CMakeFiles/cmTC_076c5.dir/build
make[1]: Entering directory '/home/houxb/Temp/glog/cmake-build-debug/CMakeFiles/CMakeTmp'
Building C object CMakeFiles/cmTC_076c5.dir/HAVE_U_INT16_T.c.o
/usr/bin/cc    -o CMakeFiles/cmTC_076c5.dir/HAVE_U_INT16_T.c.o   -c /home/houxb/Temp/glog/cmake-build-debug/CMakeFiles/CheckTypeSize/HAVE_U_INT16_T.c
Linking C executable cmTC_076c5
/home/houxb/source/Hero_BuiltRobot/builder/cmake-3.16.4-Linux-x86_64/bin/cmake -E cmake_link_script CMakeFiles/cmTC_076c5.dir/link.txt --verbose=1
/usr/bin/cc      -rdynamic CMakeFiles/cmTC_076c5.dir/HAVE_U_INT16_T.c.o  -o cmTC_076c5 
make[1]: Leaving directory '/home/houxb/Temp/glog/cmake-build-debug/CMakeFiles/CMakeTmp'



Determining size of uint16_t passed with the following output:
Change Dir: /home/houxb/Temp/glog/cmake-build-debug/CMakeFiles/CMakeTmp

Run Build Command(s):/usr/bin/make cmTC_6cceb/fast && /usr/bin/make -f CMakeFiles/cmTC_6cceb.dir/build.make CMakeFiles/cmTC_6cceb.dir/build
make[1]: Entering directory '/home/houxb/Temp/glog/cmake-build-debug/CMakeFiles/CMakeTmp'
Building C object CMakeFiles/cmTC_6cceb.dir/HAVE_UINT16_T.c.o
/usr/bin/cc    -o CMakeFiles/cmTC_6cceb.dir/HAVE_UINT16_T.c.o   -c /home/houxb/Temp/glog/cmake-build-debug/CMakeFiles/CheckTypeSize/HAVE_UINT16_T.c
Linking C executable cmTC_6cceb
/home/houxb/source/Hero_BuiltRobot/builder/cmake-3.16.4-Linux-x86_64/bin/cmake -E cmake_link_script CMakeFiles/cmTC_6cceb.dir/link.txt --verbose=1
/usr/bin/cc      -rdynamic CMakeFiles/cmTC_6cceb.dir/HAVE_UINT16_T.c.o  -o cmTC_6cceb 
make[1]: Leaving directory '/home/houxb/Temp/glog/cmake-build-debug/CMakeFiles/CMakeTmp'



Determining if the function fcntl exists passed with the following output:
Change Dir: /home/houxb/Temp/glog/cmake-build-debug/CMakeFiles/CMakeTmp

Run Build Command(s):/usr/bin/make cmTC_83cbf/fast && /usr/bin/make -f CMakeFiles/cmTC_83cbf.dir/build.make CMakeFiles/cmTC_83cbf.dir/build
make[1]: Entering directory '/home/houxb/Temp/glog/cmake-build-debug/CMakeFiles/CMakeTmp'
Building C object CMakeFiles/cmTC_83cbf.dir/CheckFunctionExists.c.o
/usr/bin/cc   -DCHECK_FUNCTION_EXISTS=fcntl   -o CMakeFiles/cmTC_83cbf.dir/CheckFunctionExists.c.o   -c /home/houxb/source/Hero_BuiltRobot/builder/cmake-3.16.4-Linux-x86_64/share/cmake-3.16/Modules/CheckFunctionExists.c
Linking C executable cmTC_83cbf
/home/houxb/source/Hero_BuiltRobot/builder/cmake-3.16.4-Linux-x86_64/bin/cmake -E cmake_link_script CMakeFiles/cmTC_83cbf.dir/link.txt --verbose=1
/usr/bin/cc  -DCHECK_FUNCTION_EXISTS=fcntl    -rdynamic CMakeFiles/cmTC_83cbf.dir/CheckFunctionExists.c.o  -o cmTC_83cbf 
make[1]: Leaving directory '/home/houxb/Temp/glog/cmake-build-debug/CMakeFiles/CMakeTmp'



Determining if the function pread exists passed with the following output:
Change Dir: /home/houxb/Temp/glog/cmake-build-debug/CMakeFiles/CMakeTmp

Run Build Command(s):/usr/bin/make cmTC_392be/fast && /usr/bin/make -f CMakeFiles/cmTC_392be.dir/build.make CMakeFiles/cmTC_392be.dir/build
make[1]: Entering directory '/home/houxb/Temp/glog/cmake-build-debug/CMakeFiles/CMakeTmp'
Building C object CMakeFiles/cmTC_392be.dir/CheckFunctionExists.c.o
/usr/bin/cc   -DCHECK_FUNCTION_EXISTS=pread   -o CMakeFiles/cmTC_392be.dir/CheckFunctionExists.c.o   -c /home/houxb/source/Hero_BuiltRobot/builder/cmake-3.16.4-Linux-x86_64/share/cmake-3.16/Modules/CheckFunctionExists.c
Linking C executable cmTC_392be
/home/houxb/source/Hero_BuiltRobot/builder/cmake-3.16.4-Linux-x86_64/bin/cmake -E cmake_link_script CMakeFiles/cmTC_392be.dir/link.txt --verbose=1
/usr/bin/cc  -DCHECK_FUNCTION_EXISTS=pread    -rdynamic CMakeFiles/cmTC_392be.dir/CheckFunctionExists.c.o  -o cmTC_392be 
make[1]: Leaving directory '/home/houxb/Temp/glog/cmake-build-debug/CMakeFiles/CMakeTmp'



Determining if the function pwrite exists passed with the following output:
Change Dir: /home/houxb/Temp/glog/cmake-build-debug/CMakeFiles/CMakeTmp

Run Build Command(s):/usr/bin/make cmTC_ef807/fast && /usr/bin/make -f CMakeFiles/cmTC_ef807.dir/build.make CMakeFiles/cmTC_ef807.dir/build
make[1]: Entering directory '/home/houxb/Temp/glog/cmake-build-debug/CMakeFiles/CMakeTmp'
Building C object CMakeFiles/cmTC_ef807.dir/CheckFunctionExists.c.o
/usr/bin/cc   -DCHECK_FUNCTION_EXISTS=pwrite   -o CMakeFiles/cmTC_ef807.dir/CheckFunctionExists.c.o   -c /home/houxb/source/Hero_BuiltRobot/builder/cmake-3.16.4-Linux-x86_64/share/cmake-3.16/Modules/CheckFunctionExists.c
Linking C executable cmTC_ef807
/home/houxb/source/Hero_BuiltRobot/builder/cmake-3.16.4-Linux-x86_64/bin/cmake -E cmake_link_script CMakeFiles/cmTC_ef807.dir/link.txt --verbose=1
/usr/bin/cc  -DCHECK_FUNCTION_EXISTS=pwrite    -rdynamic CMakeFiles/cmTC_ef807.dir/CheckFunctionExists.c.o  -o cmTC_ef807 
make[1]: Leaving directory '/home/houxb/Temp/glog/cmake-build-debug/CMakeFiles/CMakeTmp'



Determining if the function sigaction exists passed with the following output:
Change Dir: /home/houxb/Temp/glog/cmake-build-debug/CMakeFiles/CMakeTmp

Run Build Command(s):/usr/bin/make cmTC_a70dc/fast && /usr/bin/make -f CMakeFiles/cmTC_a70dc.dir/build.make CMakeFiles/cmTC_a70dc.dir/build
make[1]: Entering directory '/home/houxb/Temp/glog/cmake-build-debug/CMakeFiles/CMakeTmp'
Building C object CMakeFiles/cmTC_a70dc.dir/CheckFunctionExists.c.o
/usr/bin/cc   -DCHECK_FUNCTION_EXISTS=sigaction   -o CMakeFiles/cmTC_a70dc.dir/CheckFunctionExists.c.o   -c /home/houxb/source/Hero_BuiltRobot/builder/cmake-3.16.4-Linux-x86_64/share/cmake-3.16/Modules/CheckFunctionExists.c
Linking C executable cmTC_a70dc
/home/houxb/source/Hero_BuiltRobot/builder/cmake-3.16.4-Linux-x86_64/bin/cmake -E cmake_link_script CMakeFiles/cmTC_a70dc.dir/link.txt --verbose=1
/usr/bin/cc  -DCHECK_FUNCTION_EXISTS=sigaction    -rdynamic CMakeFiles/cmTC_a70dc.dir/CheckFunctionExists.c.o  -o cmTC_a70dc 
make[1]: Leaving directory '/home/houxb/Temp/glog/cmake-build-debug/CMakeFiles/CMakeTmp'



Determining if the function sigaltstack exists passed with the following output:
Change Dir: /home/houxb/Temp/glog/cmake-build-debug/CMakeFiles/CMakeTmp

Run Build Command(s):/usr/bin/make cmTC_b5ffa/fast && /usr/bin/make -f CMakeFiles/cmTC_b5ffa.dir/build.make CMakeFiles/cmTC_b5ffa.dir/build
make[1]: Entering directory '/home/houxb/Temp/glog/cmake-build-debug/CMakeFiles/CMakeTmp'
Building C object CMakeFiles/cmTC_b5ffa.dir/CheckFunctionExists.c.o
/usr/bin/cc   -DCHECK_FUNCTION_EXISTS=sigaltstack   -o CMakeFiles/cmTC_b5ffa.dir/CheckFunctionExists.c.o   -c /home/houxb/source/Hero_BuiltRobot/builder/cmake-3.16.4-Linux-x86_64/share/cmake-3.16/Modules/CheckFunctionExists.c
Linking C executable cmTC_b5ffa
/home/houxb/source/Hero_BuiltRobot/builder/cmake-3.16.4-Linux-x86_64/bin/cmake -E cmake_link_script CMakeFiles/cmTC_b5ffa.dir/link.txt --verbose=1
/usr/bin/cc  -DCHECK_FUNCTION_EXISTS=sigaltstack    -rdynamic CMakeFiles/cmTC_b5ffa.dir/CheckFunctionExists.c.o  -o cmTC_b5ffa 
make[1]: Leaving directory '/home/houxb/Temp/glog/cmake-build-debug/CMakeFiles/CMakeTmp'



Performing C++ SOURCE FILE Test HAVE_NO_DEPRECATED succeeded with the following output:
Change Dir: /home/houxb/Temp/glog/cmake-build-debug/CMakeFiles/CMakeTmp

Run Build Command(s):/usr/bin/make cmTC_77ab4/fast && /usr/bin/make -f CMakeFiles/cmTC_77ab4.dir/build.make CMakeFiles/cmTC_77ab4.dir/build
make[1]: Entering directory '/home/houxb/Temp/glog/cmake-build-debug/CMakeFiles/CMakeTmp'
Building CXX object CMakeFiles/cmTC_77ab4.dir/src.cxx.o
/usr/bin/c++    -DHAVE_NO_DEPRECATED   -Wdeprecated -o CMakeFiles/cmTC_77ab4.dir/src.cxx.o -c /home/houxb/Temp/glog/cmake-build-debug/CMakeFiles/CMakeTmp/src.cxx
Linking CXX executable cmTC_77ab4
/home/houxb/source/Hero_BuiltRobot/builder/cmake-3.16.4-Linux-x86_64/bin/cmake -E cmake_link_script CMakeFiles/cmTC_77ab4.dir/link.txt --verbose=1
/usr/bin/c++   -DHAVE_NO_DEPRECATED    -rdynamic CMakeFiles/cmTC_77ab4.dir/src.cxx.o  -o cmTC_77ab4 
make[1]: Leaving directory '/home/houxb/Temp/glog/cmake-build-debug/CMakeFiles/CMakeTmp'


Source file was:
int main() { return 0; }
Determining if the snprintf exist passed with the following output:
Change Dir: /home/houxb/Temp/glog/cmake-build-debug/CMakeFiles/CMakeTmp

Run Build Command(s):/usr/bin/make cmTC_23c21/fast && /usr/bin/make -f CMakeFiles/cmTC_23c21.dir/build.make CMakeFiles/cmTC_23c21.dir/build
make[1]: Entering directory '/home/houxb/Temp/glog/cmake-build-debug/CMakeFiles/CMakeTmp'
Building C object CMakeFiles/cmTC_23c21.dir/CheckSymbolExists.c.o
/usr/bin/cc    -o CMakeFiles/cmTC_23c21.dir/CheckSymbolExists.c.o   -c /home/houxb/Temp/glog/cmake-build-debug/CMakeFiles/CMakeTmp/CheckSymbolExists.c
Linking C executable cmTC_23c21
/home/houxb/source/Hero_BuiltRobot/builder/cmake-3.16.4-Linux-x86_64/bin/cmake -E cmake_link_script CMakeFiles/cmTC_23c21.dir/link.txt --verbose=1
/usr/bin/cc      -rdynamic CMakeFiles/cmTC_23c21.dir/CheckSymbolExists.c.o  -o cmTC_23c21 
make[1]: Leaving directory '/home/houxb/Temp/glog/cmake-build-debug/CMakeFiles/CMakeTmp'


File /home/houxb/Temp/glog/cmake-build-debug/CMakeFiles/CMakeTmp/CheckSymbolExists.c:
/* */
#include <stdio.h>

int main(int argc, char** argv)
{
  (void)argv;
#ifndef snprintf
  return ((int*)(&snprintf))[argc];
#else
  (void)argc;
  return 0;
#endif
}
Performing C SOURCE FILE Test HAVE___ATTRIBUTE__ succeeded with the following output:
Change Dir: /home/houxb/Temp/glog/cmake-build-debug/CMakeFiles/CMakeTmp

Run Build Command(s):/usr/bin/make cmTC_5691e/fast && /usr/bin/make -f CMakeFiles/cmTC_5691e.dir/build.make CMakeFiles/cmTC_5691e.dir/build
make[1]: Entering directory '/home/houxb/Temp/glog/cmake-build-debug/CMakeFiles/CMakeTmp'
Building C object CMakeFiles/cmTC_5691e.dir/src.c.o
/usr/bin/cc   -DHAVE___ATTRIBUTE__   -o CMakeFiles/cmTC_5691e.dir/src.c.o   -c /home/houxb/Temp/glog/cmake-build-debug/CMakeFiles/CMakeTmp/src.c
Linking C executable cmTC_5691e
/home/houxb/source/Hero_BuiltRobot/builder/cmake-3.16.4-Linux-x86_64/bin/cmake -E cmake_link_script CMakeFiles/cmTC_5691e.dir/link.txt --verbose=1
/usr/bin/cc  -DHAVE___ATTRIBUTE__    -rdynamic CMakeFiles/cmTC_5691e.dir/src.c.o  -o cmTC_5691e 
make[1]: Leaving directory '/home/houxb/Temp/glog/cmake-build-debug/CMakeFiles/CMakeTmp'


Source file was:

#include <stdlib.h>
static void foo(void) __attribute__ ((unused));
int main(void) { return 0; }

Performing C SOURCE FILE Test HAVE___ATTRIBUTE__VISIBILITY_DEFAULT succeeded with the following output:
Change Dir: /home/houxb/Temp/glog/cmake-build-debug/CMakeFiles/CMakeTmp

Run Build Command(s):/usr/bin/make cmTC_e1c3e/fast && /usr/bin/make -f CMakeFiles/cmTC_e1c3e.dir/build.make CMakeFiles/cmTC_e1c3e.dir/build
make[1]: Entering directory '/home/houxb/Temp/glog/cmake-build-debug/CMakeFiles/CMakeTmp'
Building C object CMakeFiles/cmTC_e1c3e.dir/src.c.o
/usr/bin/cc   -DHAVE___ATTRIBUTE__VISIBILITY_DEFAULT   -o CMakeFiles/cmTC_e1c3e.dir/src.c.o   -c /home/houxb/Temp/glog/cmake-build-debug/CMakeFiles/CMakeTmp/src.c
/home/houxb/Temp/glog/cmake-build-debug/CMakeFiles/CMakeTmp/src.c:3:1: warning: visibility attribute ignored [-Wattributes]
 static void foo(void) __attribute__ ((visibility("default")));
 ^
Linking C executable cmTC_e1c3e
/home/houxb/source/Hero_BuiltRobot/builder/cmake-3.16.4-Linux-x86_64/bin/cmake -E cmake_link_script CMakeFiles/cmTC_e1c3e.dir/link.txt --verbose=1
/usr/bin/cc  -DHAVE___ATTRIBUTE__VISIBILITY_DEFAULT    -rdynamic CMakeFiles/cmTC_e1c3e.dir/src.c.o  -o cmTC_e1c3e 
make[1]: Leaving directory '/home/houxb/Temp/glog/cmake-build-debug/CMakeFiles/CMakeTmp'


Source file was:

#include <stdlib.h>
static void foo(void) __attribute__ ((visibility("default")));
int main(void) { return 0; }

Performing C SOURCE FILE Test HAVE___ATTRIBUTE__VISIBILITY_HIDDEN succeeded with the following output:
Change Dir: /home/houxb/Temp/glog/cmake-build-debug/CMakeFiles/CMakeTmp

Run Build Command(s):/usr/bin/make cmTC_0da62/fast && /usr/bin/make -f CMakeFiles/cmTC_0da62.dir/build.make CMakeFiles/cmTC_0da62.dir/build
make[1]: Entering directory '/home/houxb/Temp/glog/cmake-build-debug/CMakeFiles/CMakeTmp'
Building C object CMakeFiles/cmTC_0da62.dir/src.c.o
/usr/bin/cc   -DHAVE___ATTRIBUTE__VISIBILITY_HIDDEN   -o CMakeFiles/cmTC_0da62.dir/src.c.o   -c /home/houxb/Temp/glog/cmake-build-debug/CMakeFiles/CMakeTmp/src.c
/home/houxb/Temp/glog/cmake-build-debug/CMakeFiles/CMakeTmp/src.c:3:1: warning: visibility attribute ignored [-Wattributes]
 static void foo(void) __attribute__ ((visibility("hidden")));
 ^
Linking C executable cmTC_0da62
/home/houxb/source/Hero_BuiltRobot/builder/cmake-3.16.4-Linux-x86_64/bin/cmake -E cmake_link_script CMakeFiles/cmTC_0da62.dir/link.txt --verbose=1
/usr/bin/cc  -DHAVE___ATTRIBUTE__VISIBILITY_HIDDEN    -rdynamic CMakeFiles/cmTC_0da62.dir/src.c.o  -o cmTC_0da62 
make[1]: Leaving directory '/home/houxb/Temp/glog/cmake-build-debug/CMakeFiles/CMakeTmp'


Source file was:

#include <stdlib.h>
static void foo(void) __attribute__ ((visibility("hidden")));
int main(void) { return 0; }

Performing C SOURCE FILE Test HAVE___BUILTIN_EXPECT succeeded with the following output:
Change Dir: /home/houxb/Temp/glog/cmake-build-debug/CMakeFiles/CMakeTmp

Run Build Command(s):/usr/bin/make cmTC_a7a5e/fast && /usr/bin/make -f CMakeFiles/cmTC_a7a5e.dir/build.make CMakeFiles/cmTC_a7a5e.dir/build
make[1]: Entering directory '/home/houxb/Temp/glog/cmake-build-debug/CMakeFiles/CMakeTmp'
Building C object CMakeFiles/cmTC_a7a5e.dir/src.c.o
/usr/bin/cc   -DHAVE___BUILTIN_EXPECT   -o CMakeFiles/cmTC_a7a5e.dir/src.c.o   -c /home/houxb/Temp/glog/cmake-build-debug/CMakeFiles/CMakeTmp/src.c
Linking C executable cmTC_a7a5e
/home/houxb/source/Hero_BuiltRobot/builder/cmake-3.16.4-Linux-x86_64/bin/cmake -E cmake_link_script CMakeFiles/cmTC_a7a5e.dir/link.txt --verbose=1
/usr/bin/cc  -DHAVE___BUILTIN_EXPECT    -rdynamic CMakeFiles/cmTC_a7a5e.dir/src.c.o  -o cmTC_a7a5e 
make[1]: Leaving directory '/home/houxb/Temp/glog/cmake-build-debug/CMakeFiles/CMakeTmp'


Source file was:

int main(void) { if (__builtin_expect(0, 0)) return 1; return 0; }

Performing C SOURCE FILE Test HAVE___SYNC_VAL_COMPARE_AND_SWAP succeeded with the following output:
Change Dir: /home/houxb/Temp/glog/cmake-build-debug/CMakeFiles/CMakeTmp

Run Build Command(s):/usr/bin/make cmTC_997d9/fast && /usr/bin/make -f CMakeFiles/cmTC_997d9.dir/build.make CMakeFiles/cmTC_997d9.dir/build
make[1]: Entering directory '/home/houxb/Temp/glog/cmake-build-debug/CMakeFiles/CMakeTmp'
Building C object CMakeFiles/cmTC_997d9.dir/src.c.o
/usr/bin/cc   -DHAVE___SYNC_VAL_COMPARE_AND_SWAP   -o CMakeFiles/cmTC_997d9.dir/src.c.o   -c /home/houxb/Temp/glog/cmake-build-debug/CMakeFiles/CMakeTmp/src.c
Linking C executable cmTC_997d9
/home/houxb/source/Hero_BuiltRobot/builder/cmake-3.16.4-Linux-x86_64/bin/cmake -E cmake_link_script CMakeFiles/cmTC_997d9.dir/link.txt --verbose=1
/usr/bin/cc  -DHAVE___SYNC_VAL_COMPARE_AND_SWAP    -rdynamic CMakeFiles/cmTC_997d9.dir/src.c.o  -o cmTC_997d9 
make[1]: Leaving directory '/home/houxb/Temp/glog/cmake-build-debug/CMakeFiles/CMakeTmp'


Source file was:

int main(void)
{
  int a; if (__sync_val_compare_and_swap(&a, 0, 1)) return 1; return 0;
}

Performing C++ SOURCE FILE Test STL_STD_NAMESPACE succeeded with the following output:
Change Dir: /home/houxb/Temp/glog/cmake-build-debug/CMakeFiles/CMakeTmp

Run Build Command(s):/usr/bin/make cmTC_60376/fast && /usr/bin/make -f CMakeFiles/cmTC_60376.dir/build.make CMakeFiles/cmTC_60376.dir/build
make[1]: Entering directory '/home/houxb/Temp/glog/cmake-build-debug/CMakeFiles/CMakeTmp'
Building CXX object CMakeFiles/cmTC_60376.dir/src.cxx.o
/usr/bin/c++    -DSTL_STD_NAMESPACE   -o CMakeFiles/cmTC_60376.dir/src.cxx.o -c /home/houxb/Temp/glog/cmake-build-debug/CMakeFiles/CMakeTmp/src.cxx
Linking CXX executable cmTC_60376
/home/houxb/source/Hero_BuiltRobot/builder/cmake-3.16.4-Linux-x86_64/bin/cmake -E cmake_link_script CMakeFiles/cmTC_60376.dir/link.txt --verbose=1
/usr/bin/c++   -DSTL_STD_NAMESPACE    -rdynamic CMakeFiles/cmTC_60376.dir/src.cxx.o  -o cmTC_60376 
make[1]: Leaving directory '/home/houxb/Temp/glog/cmake-build-debug/CMakeFiles/CMakeTmp'


Source file was:

#include <vector>
std::vector<int> t; int main() { }

Performing C++ SOURCE FILE Test HAVE_USING_OPERATOR succeeded with the following output:
Change Dir: /home/houxb/Temp/glog/cmake-build-debug/CMakeFiles/CMakeTmp

Run Build Command(s):/usr/bin/make cmTC_fc11f/fast && /usr/bin/make -f CMakeFiles/cmTC_fc11f.dir/build.make CMakeFiles/cmTC_fc11f.dir/build
make[1]: Entering directory '/home/houxb/Temp/glog/cmake-build-debug/CMakeFiles/CMakeTmp'
Building CXX object CMakeFiles/cmTC_fc11f.dir/src.cxx.o
/usr/bin/c++    -DHAVE_USING_OPERATOR   -o CMakeFiles/cmTC_fc11f.dir/src.cxx.o -c /home/houxb/Temp/glog/cmake-build-debug/CMakeFiles/CMakeTmp/src.cxx
Linking CXX executable cmTC_fc11f
/home/houxb/source/Hero_BuiltRobot/builder/cmake-3.16.4-Linux-x86_64/bin/cmake -E cmake_link_script CMakeFiles/cmTC_fc11f.dir/link.txt --verbose=1
/usr/bin/c++   -DHAVE_USING_OPERATOR    -rdynamic CMakeFiles/cmTC_fc11f.dir/src.cxx.o  -o cmTC_fc11f 
make[1]: Leaving directory '/home/houxb/Temp/glog/cmake-build-debug/CMakeFiles/CMakeTmp'


Source file was:

#include <iostream>
std::ostream& operator<<(std::ostream&, struct s);
using ::operator<<;
int main() { }

Performing C++ SOURCE FILE Test HAVE_NAMESPACES succeeded with the following output:
Change Dir: /home/houxb/Temp/glog/cmake-build-debug/CMakeFiles/CMakeTmp

Run Build Command(s):/usr/bin/make cmTC_6b1c2/fast && /usr/bin/make -f CMakeFiles/cmTC_6b1c2.dir/build.make CMakeFiles/cmTC_6b1c2.dir/build
make[1]: Entering directory '/home/houxb/Temp/glog/cmake-build-debug/CMakeFiles/CMakeTmp'
Building CXX object CMakeFiles/cmTC_6b1c2.dir/src.cxx.o
/usr/bin/c++    -DHAVE_NAMESPACES   -o CMakeFiles/cmTC_6b1c2.dir/src.cxx.o -c /home/houxb/Temp/glog/cmake-build-debug/CMakeFiles/CMakeTmp/src.cxx
Linking CXX executable cmTC_6b1c2
/home/houxb/source/Hero_BuiltRobot/builder/cmake-3.16.4-Linux-x86_64/bin/cmake -E cmake_link_script CMakeFiles/cmTC_6b1c2.dir/link.txt --verbose=1
/usr/bin/c++   -DHAVE_NAMESPACES    -rdynamic CMakeFiles/cmTC_6b1c2.dir/src.cxx.o  -o cmTC_6b1c2 
make[1]: Leaving directory '/home/houxb/Temp/glog/cmake-build-debug/CMakeFiles/CMakeTmp'


Source file was:

namespace Outer { namespace Inner { int i = 0; }}
using namespace Outer::Inner;;
int main() { return i; }

